----------------------------------------
Begin Batch Job Prologue Thu Mar  8 04:28:40 EST 2012
Job ID:           63294.owlsnest1.nfs
Username:         tub51722
Group:            stdcis
Job Name:         cg.C
Resources List:   neednodes=32:ppn=12,nodes=32:ppn=12,walltime=02:00:00
Queue:            normal
Account:          
Nodes:            w041 w042 w043 w044 w045 w046 w047 w048 w049 w050 w051 w052 w053 w054 w055 w056 w057 w058 w059 w060 w061 w062 w063 w064 w065 w066 w067 w068 w069 w070 w071 w072 
End Batch Job Prologue Thu Mar  8 04:28:41 EST 2012
----------------------------------------


 NAS Parallel Benchmarks 3.3 -- CG Benchmark

 Size:     150000
 Iterations:    75
 Number of active processes:     2
 Number of nonzeroes per row:       15
 Eigenvalue shift: .110E+03

   iteration           ||r||                 zeta
        1       0.34918028513489E-12   109.9994423237398
        2       0.93261202935200E-15    27.3920437146530
        3       0.94002966917904E-15    28.0339761840276
        4       0.94986672029943E-15    28.4191507551296
        5       0.95373147965057E-15    28.6471670038882
        6       0.95933824815541E-15    28.7812969418424
        7       0.95552953080657E-15    28.8600458537354
        8       0.95935583896459E-15    28.9063145572688
        9       0.96295546883800E-15    28.9335649214633
       10       0.95984970808734E-15    28.9496695449005
       11       0.96286896507553E-15    28.9592263353758
       12       0.96132779695897E-15    28.9649233484888
       13       0.96029237140078E-15    28.9683359248936
       14       0.95995316106402E-15    28.9703903960005
       15       0.96086676866082E-15    28.9716336228368
       16       0.96262162662325E-15    28.9723898600848
       17       0.95995080306971E-15    28.9728522692217
       18       0.96193291189142E-15    28.9731364797786
       19       0.95899160435305E-15    28.9733120569290
       20       0.96457382743280E-15    28.9734210663758
       21       0.96345263086780E-15    28.9734890760540
       22       0.95991244026784E-15    28.9735317064871
       23       0.96179771645883E-15    28.9735585497255
       24       0.95922390194743E-15    28.9735755256645
       25       0.95815516189961E-15    28.9735863059383
       26       0.95650780373655E-15    28.9735931787384
       27       0.96122729736496E-15    28.9735975767374
       28       0.96445016745281E-15    28.9736004009986
       29       0.95990409698108E-15    28.9736022206758
       30       0.96122924599343E-15    28.9736033967627
       31       0.96146664491229E-15    28.9736041591164
       32       0.96021527445782E-15    28.9736046546412
       33       0.96021180308293E-15    28.9736049775610
       34       0.95729744671819E-15    28.9736051885093
       35       0.95819450134146E-15    28.9736053266252
       36       0.95868554202208E-15    28.9736054172461
       37       0.95768757616458E-15    28.9736054768224
       38       0.96008098193957E-15    28.9736055160636
       39       0.95588177574636E-15    28.9736055419569
       40       0.95596041801372E-15    28.9736055590703
       41       0.95746930735378E-15    28.9736055703979
       42       0.95997167085028E-15    28.9736055779079
       43       0.95723880205007E-15    28.9736055828930
       44       0.95924740452702E-15    28.9736055862076
       45       0.95371145597657E-15    28.9736055884132
       46       0.95318903643820E-15    28.9736055898831
       47       0.95790947016508E-15    28.9736055908644
       48       0.95959995836323E-15    28.9736055915181
       49       0.95753779499159E-15    28.9736055919562
       50       0.95764123496239E-15    28.9736055922487
       51       0.95483213890000E-15    28.9736055924456
       52       0.95068160191577E-15    28.9736055925766
       53       0.95462149821796E-15    28.9736055926645
       54       0.96256618266640E-15    28.9736055927226
       55       0.95659170926785E-15    28.9736055927623
       56       0.95432275329106E-15    28.9736055927895
       57       0.95491178355062E-15    28.9736055928084
       58       0.95456960678414E-15    28.9736055928196
       59       0.95676787433924E-15    28.9736055928280
       60       0.95323859143322E-15    28.9736055928346
       61       0.95435144665413E-15    28.9736055928382
       62       0.95872176340540E-15    28.9736055928405
       63       0.95212290767308E-15    28.9736055928420
       64       0.95286732683930E-15    28.9736055928438
       65       0.95664021979590E-15    28.9736055928435
       66       0.95330095754448E-15    28.9736055928445
       67       0.95423532836686E-15    28.9736055928447
       68       0.95544125819715E-15    28.9736055928450
       69       0.95225936673019E-15    28.9736055928440
       70       0.95281554497492E-15    28.9736055928450
       71       0.95355646251647E-15    28.9736055928452
       72       0.95194011825555E-15    28.9736055928470
       73       0.95618872476637E-15    28.9736055928450
       74       0.95688209213914E-15    28.9736055928442
       75       0.95214517773215E-15    28.9736055928458
 Benchmark completed 
 VERIFICATION SUCCESSFUL 
 Zeta is     0.2897360559285E+02
 Error is    0.2709879239913E-13


 CG Benchmark Completed.
 Class           =                        C
 Size            =                   150000
 Iterations      =                       75
 Time in seconds =                   116.64
 Total processes =                        2
 Compiled procs  =                        2
 Mop/s total     =                  1229.00
 Mop/s/process   =                   614.50
 Operation type  =           floating point
 Verification    =               SUCCESSFUL
 Version         =                    3.3.1
 Compile date    =              07 Mar 2012

 Compile options:
    MPIF77       = mpif77
    FLINK        = $(MPIF77)
    FMPI_LIB     = -L/usr/local/lib -lmpi
    FMPI_INC     = -I/usr/local/include
    FFLAGS       = -O3  -mcmodel=large
    FLINKFLAGS   = -O3
    RAND         = randi8


 Please send feedbacks and/or the results of this run to:

 NPB Development Team 
 Internet: npb@nas.nasa.gov




 NAS Parallel Benchmarks 3.3 -- CG Benchmark

 Size:     150000
 Iterations:    75
 Number of active processes:     2
 Number of nonzeroes per row:       15
 Eigenvalue shift: .110E+03

Error: 
num of procs allocated   (   2 )
is not equal to
compiled number of procs (   4 )



 NAS Parallel Benchmarks 3.3 -- CG Benchmark

 Size:     150000
 Iterations:    75
 Number of active processes:     2
 Number of nonzeroes per row:       15
 Eigenvalue shift: .110E+03

Error: 
num of procs allocated   (   2 )
is not equal to
compiled number of procs (   8 )



 NAS Parallel Benchmarks 3.3 -- CG Benchmark

 Size:     150000
 Iterations:    75
 Number of active processes:     2
 Number of nonzeroes per row:       15
 Eigenvalue shift: .110E+03

Error: 
num of procs allocated   (   2 )
is not equal to
compiled number of procs (  16 )



 NAS Parallel Benchmarks 3.3 -- CG Benchmark

 Size:     150000
 Iterations:    75
 Number of active processes:     2
 Number of nonzeroes per row:       15
 Eigenvalue shift: .110E+03

Error: 
num of procs allocated   (   2 )
is not equal to
compiled number of procs (  16 )



 NAS Parallel Benchmarks 3.3 -- CG Benchmark

 Size:     150000
 Iterations:    75
 Number of active processes:     4
 Number of nonzeroes per row:       15
 Eigenvalue shift: .110E+03

   iteration           ||r||                 zeta
        1       0.34918028513489E-12   109.9994423237398
        2       0.93261202935200E-15    27.3920437146530
        3       0.94002966917904E-15    28.0339761840276
        4       0.94986672029943E-15    28.4191507551296
        5       0.95373147965057E-15    28.6471670038882
        6       0.95933824815541E-15    28.7812969418424
        7       0.95552953080657E-15    28.8600458537354
        8       0.95935583896459E-15    28.9063145572688
        9       0.96295546883800E-15    28.9335649214633
       10       0.95984970808734E-15    28.9496695449005
       11       0.96286896507553E-15    28.9592263353758
       12       0.96132779695897E-15    28.9649233484888
       13       0.96029237140078E-15    28.9683359248936
       14       0.95995316106402E-15    28.9703903960005
       15       0.96086676866082E-15    28.9716336228368
       16       0.96262162662325E-15    28.9723898600848
       17       0.95995080306971E-15    28.9728522692217
       18       0.96193291189142E-15    28.9731364797786
       19       0.95899160435305E-15    28.9733120569290
       20       0.96457382743280E-15    28.9734210663758
       21       0.96345263086780E-15    28.9734890760540
       22       0.95991244026784E-15    28.9735317064871
       23       0.96179771645883E-15    28.9735585497255
       24       0.95922390194743E-15    28.9735755256645
       25       0.95815516189961E-15    28.9735863059383
       26       0.95650780373655E-15    28.9735931787384
       27       0.96122729736496E-15    28.9735975767374
       28       0.96445016745281E-15    28.9736004009986
       29       0.95990409698108E-15    28.9736022206758
       30       0.96122924599343E-15    28.9736033967627
       31       0.96146664491229E-15    28.9736041591164
       32       0.96021527445782E-15    28.9736046546412
       33       0.96021180308293E-15    28.9736049775610
       34       0.95729744671819E-15    28.9736051885093
       35       0.95819450134146E-15    28.9736053266252
       36       0.95868554202208E-15    28.9736054172461
       37       0.95768757616458E-15    28.9736054768224
       38       0.96008098193957E-15    28.9736055160636
       39       0.95588177574636E-15    28.9736055419569
       40       0.95596041801372E-15    28.9736055590703
       41       0.95746930735378E-15    28.9736055703979
       42       0.95997167085028E-15    28.9736055779079
       43       0.95723880205007E-15    28.9736055828930
       44       0.95924740452702E-15    28.9736055862076
       45       0.95371145597657E-15    28.9736055884132
       46       0.95318903643820E-15    28.9736055898831
       47       0.95790947016508E-15    28.9736055908644
       48       0.95959995836323E-15    28.9736055915181
       49       0.95753779499159E-15    28.9736055919562
       50       0.95764123496239E-15    28.9736055922487
       51       0.95483213890000E-15    28.9736055924456
       52       0.95068160191577E-15    28.9736055925766
       53       0.95462149821796E-15    28.9736055926645
       54       0.96256618266640E-15    28.9736055927226
       55       0.95659170926785E-15    28.9736055927623
       56       0.95432275329106E-15    28.9736055927895
       57       0.95491178355062E-15    28.9736055928084
       58       0.95456960678414E-15    28.9736055928196
       59       0.95676787433924E-15    28.9736055928280
       60       0.95323859143322E-15    28.9736055928346
       61       0.95435144665413E-15    28.9736055928382
       62       0.95872176340540E-15    28.9736055928405
       63       0.95212290767308E-15    28.9736055928420
       64       0.95286732683930E-15    28.9736055928438
       65       0.95664021979590E-15    28.9736055928435
       66       0.95330095754448E-15    28.9736055928445
       67       0.95423532836686E-15    28.9736055928447
       68       0.95544125819715E-15    28.9736055928450
       69       0.95225936673019E-15    28.9736055928440
       70       0.95281554497492E-15    28.9736055928450
       71       0.95355646251647E-15    28.9736055928452
       72       0.95194011825555E-15    28.9736055928470
       73       0.95618872476637E-15    28.9736055928450
       74       0.95688209213914E-15    28.9736055928442
       75       0.95214517773215E-15    28.9736055928458
 Benchmark completed 
 VERIFICATION SUCCESSFUL 
 Zeta is     0.2897360559285E+02
 Error is    0.2709879239913E-13


 CG Benchmark Completed.
 Class           =                        C
 Size            =                   150000
 Iterations      =                       75
 Time in seconds =                    59.81
 Total processes =                        4
 Compiled procs  =                        4
 Mop/s total     =                  2396.57
 Mop/s/process   =                   599.14
 Operation type  =           floating point
 Verification    =               SUCCESSFUL
 Version         =                    3.3.1
 Compile date    =              07 Mar 2012

 Compile options:
    MPIF77       = mpif77
    FLINK        = $(MPIF77)
    FMPI_LIB     = -L/usr/local/lib -lmpi
    FMPI_INC     = -I/usr/local/include
    FFLAGS       = -O3  -mcmodel=large
    FLINKFLAGS   = -O3
    RAND         = randi8


 Please send feedbacks and/or the results of this run to:

 NPB Development Team 
 Internet: npb@nas.nasa.gov




 NAS Parallel Benchmarks 3.3 -- CG Benchmark

 Size:     150000
 Iterations:    75
 Number of active processes:     4
 Number of nonzeroes per row:       15
 Eigenvalue shift: .110E+03

Error: 
num of procs allocated   (   4 )
is not equal to
compiled number of procs (   8 )



 NAS Parallel Benchmarks 3.3 -- CG Benchmark

 Size:     150000
 Iterations:    75
 Number of active processes:     4
 Number of nonzeroes per row:       15
 Eigenvalue shift: .110E+03

Error: 
num of procs allocated   (   4 )
is not equal to
compiled number of procs (  16 )



 NAS Parallel Benchmarks 3.3 -- CG Benchmark

 Size:     150000
 Iterations:    75
 Number of active processes:     4
 Number of nonzeroes per row:       15
 Eigenvalue shift: .110E+03

Error: 
num of procs allocated   (   4 )
is not equal to
compiled number of procs (  32 )



 NAS Parallel Benchmarks 3.3 -- CG Benchmark

 Size:     150000
 Iterations:    75
 Number of active processes:     4
 Number of nonzeroes per row:       15
 Eigenvalue shift: .110E+03

Error: 
num of procs allocated   (   4 )
is not equal to
compiled number of procs (  32 )



 NAS Parallel Benchmarks 3.3 -- CG Benchmark

 Size:     150000
 Iterations:    75
 Number of active processes:     8
 Number of nonzeroes per row:       15
 Eigenvalue shift: .110E+03

   iteration           ||r||                 zeta
        1       0.25684152458809E-12   109.9994423237398
        2       0.73904271878851E-15    27.3920437146526
        3       0.73031584712266E-15    28.0339761840275
        4       0.73565193896639E-15    28.4191507551287
        5       0.73349711397114E-15    28.6471670038893
        6       0.73360204398854E-15    28.7812969418412
        7       0.73366515021104E-15    28.8600458537343
        8       0.73390040878766E-15    28.9063145572685
        9       0.73670170986433E-15    28.9335649214622
       10       0.73571071517574E-15    28.9496695449003
       11       0.73648526442789E-15    28.9592263353755
       12       0.73847208067229E-15    28.9649233484889
       13       0.73405007716800E-15    28.9683359248936
       14       0.73296555546106E-15    28.9703903960005
       15       0.73033004640843E-15    28.9716336228371
       16       0.73643024376707E-15    28.9723898600853
       17       0.73361604597501E-15    28.9728522692229
       18       0.73459221640257E-15    28.9731364797778
       19       0.73587226514251E-15    28.9733120569287
       20       0.73080537355320E-15    28.9734210663747
       21       0.73403975619047E-15    28.9734890760554
       22       0.73635096642455E-15    28.9735317064871
       23       0.73521677593124E-15    28.9735585497258
       24       0.73388492060584E-15    28.9735755256648
       25       0.73114465989435E-15    28.9735863059382
       26       0.72929964592206E-15    28.9735931787374
       27       0.72814591157688E-15    28.9735975767371
       28       0.73460352772814E-15    28.9736004009989
       29       0.73271188433475E-15    28.9736022206771
       30       0.73315053133034E-15    28.9736033967627
       31       0.73083321601352E-15    28.9736041591157
       32       0.73158546822823E-15    28.9736046546405
       33       0.73148984069934E-15    28.9736049775614
       34       0.72807801168839E-15    28.9736051885099
       35       0.72896232937332E-15    28.9736053266246
       36       0.72891084612344E-15    28.9736054172454
       37       0.73016385169892E-15    28.9736054768226
       38       0.73138507323994E-15    28.9736055160638
       39       0.72703215994026E-15    28.9736055419574
       40       0.72921046240435E-15    28.9736055590700
       41       0.72899824318846E-15    28.9736055703976
       42       0.72698896731495E-15    28.9736055779073
       43       0.73020781285315E-15    28.9736055828934
       44       0.72909981170735E-15    28.9736055862072
       45       0.73199816886206E-15    28.9736055884132
       46       0.72597725666719E-15    28.9736055898824
       47       0.72606160037997E-15    28.9736055908630
       48       0.72965411019657E-15    28.9736055915179
       49       0.72835841342896E-15    28.9736055919554
       50       0.72508406402431E-15    28.9736055922485
       51       0.73170000686206E-15    28.9736055924449
       52       0.72622417388123E-15    28.9736055925761
       53       0.72757680055017E-15    28.9736055926646
       54       0.72917191017288E-15    28.9736055927236
       55       0.72793759015979E-15    28.9736055927632
       56       0.72425801793153E-15    28.9736055927904
       57       0.72610764785750E-15    28.9736055928077
       58       0.72614933126561E-15    28.9736055928208
       59       0.72509034658993E-15    28.9736055928281
       60       0.72308226746960E-15    28.9736055928339
       61       0.72368508145046E-15    28.9736055928376
       62       0.72546545050030E-15    28.9736055928397
       63       0.72844701695366E-15    28.9736055928419
       64       0.72359005314445E-15    28.9736055928432
       65       0.72558602502673E-15    28.9736055928440
       66       0.72484160487195E-15    28.9736055928439
       67       0.72808226996462E-15    28.9736055928450
       68       0.72662520677211E-15    28.9736055928445
       69       0.72403102458641E-15    28.9736055928450
       70       0.72378150618886E-15    28.9736055928455
       71       0.72578893473459E-15    28.9736055928456
       72       0.72289215929556E-15    28.9736055928456
       73       0.72654040771579E-15    28.9736055928458
       74       0.72401061283166E-15    28.9736055928451
       75       0.72186248070828E-15    28.9736055928458
 Benchmark completed 
 VERIFICATION SUCCESSFUL 
 Zeta is     0.2897360559285E+02
 Error is    0.2857022004072E-13


 CG Benchmark Completed.
 Class           =                        C
 Size            =                   150000
 Iterations      =                       75
 Time in seconds =                    26.12
 Total processes =                        8
 Compiled procs  =                        8
 Mop/s total     =                  5488.19
 Mop/s/process   =                   686.02
 Operation type  =           floating point
 Verification    =               SUCCESSFUL
 Version         =                    3.3.1
 Compile date    =              07 Mar 2012

 Compile options:
    MPIF77       = mpif77
    FLINK        = $(MPIF77)
    FMPI_LIB     = -L/usr/local/lib -lmpi
    FMPI_INC     = -I/usr/local/include
    FFLAGS       = -O3  -mcmodel=large
    FLINKFLAGS   = -O3
    RAND         = randi8


 Please send feedbacks and/or the results of this run to:

 NPB Development Team 
 Internet: npb@nas.nasa.gov




 NAS Parallel Benchmarks 3.3 -- CG Benchmark

 Size:     150000
 Iterations:    75
 Number of active processes:     8
 Number of nonzeroes per row:       15
 Eigenvalue shift: .110E+03

Error: 
num of procs allocated   (   8 )
is not equal to
compiled number of procs (  16 )



 NAS Parallel Benchmarks 3.3 -- CG Benchmark

 Size:     150000
 Iterations:    75
 Number of active processes:     8
 Number of nonzeroes per row:       15
 Eigenvalue shift: .110E+03

Error: 
num of procs allocated   (   8 )
is not equal to
compiled number of procs (  32 )



 NAS Parallel Benchmarks 3.3 -- CG Benchmark

 Size:     150000
 Iterations:    75
 Number of active processes:     8
 Number of nonzeroes per row:       15
 Eigenvalue shift: .110E+03

Error: 
num of procs allocated   (   8 )
is not equal to
compiled number of procs (  64 )



 NAS Parallel Benchmarks 3.3 -- CG Benchmark

 Size:     150000
 Iterations:    75
 Number of active processes:     8
 Number of nonzeroes per row:       15
 Eigenvalue shift: .110E+03

Error: 
num of procs allocated   (   8 )
is not equal to
compiled number of procs (  64 )



 NAS Parallel Benchmarks 3.3 -- CG Benchmark

 Size:     150000
 Iterations:    75
 Number of active processes:    16
 Number of nonzeroes per row:       15
 Eigenvalue shift: .110E+03

   iteration           ||r||                 zeta
        1       0.25684152458809E-12   109.9994423237398
        2       0.73904271878851E-15    27.3920437146526
        3       0.73031584712266E-15    28.0339761840275
        4       0.73565193896639E-15    28.4191507551287
        5       0.73349711397114E-15    28.6471670038893
        6       0.73360204398854E-15    28.7812969418412
        7       0.73366515021104E-15    28.8600458537343
        8       0.73390040878766E-15    28.9063145572685
        9       0.73670170986433E-15    28.9335649214622
       10       0.73571071517574E-15    28.9496695449003
       11       0.73648526442789E-15    28.9592263353755
       12       0.73847208067229E-15    28.9649233484889
       13       0.73405007716800E-15    28.9683359248936
       14       0.73296555546106E-15    28.9703903960005
       15       0.73033004640843E-15    28.9716336228371
       16       0.73643024376707E-15    28.9723898600853
       17       0.73361604597501E-15    28.9728522692229
       18       0.73459221640257E-15    28.9731364797778
       19       0.73587226514251E-15    28.9733120569287
       20       0.73080537355320E-15    28.9734210663747
       21       0.73403975619047E-15    28.9734890760554
       22       0.73635096642455E-15    28.9735317064871
       23       0.73521677593124E-15    28.9735585497258
       24       0.73388492060584E-15    28.9735755256648
       25       0.73114465989435E-15    28.9735863059382
       26       0.72929964592206E-15    28.9735931787374
       27       0.72814591157688E-15    28.9735975767371
       28       0.73460352772814E-15    28.9736004009989
       29       0.73271188433475E-15    28.9736022206771
       30       0.73315053133034E-15    28.9736033967627
       31       0.73083321601352E-15    28.9736041591157
       32       0.73158546822823E-15    28.9736046546405
       33       0.73148984069934E-15    28.9736049775614
       34       0.72807801168839E-15    28.9736051885099
       35       0.72896232937332E-15    28.9736053266246
       36       0.72891084612344E-15    28.9736054172454
       37       0.73016385169892E-15    28.9736054768226
       38       0.73138507323994E-15    28.9736055160638
       39       0.72703215994026E-15    28.9736055419574
       40       0.72921046240435E-15    28.9736055590700
       41       0.72899824318846E-15    28.9736055703976
       42       0.72698896731495E-15    28.9736055779073
       43       0.73020781285315E-15    28.9736055828934
       44       0.72909981170735E-15    28.9736055862072
       45       0.73199816886206E-15    28.9736055884132
       46       0.72597725666719E-15    28.9736055898824
       47       0.72606160037997E-15    28.9736055908630
       48       0.72965411019657E-15    28.9736055915179
       49       0.72835841342896E-15    28.9736055919554
       50       0.72508406402431E-15    28.9736055922485
       51       0.73170000686206E-15    28.9736055924449
       52       0.72622417388123E-15    28.9736055925761
       53       0.72757680055017E-15    28.9736055926646
       54       0.72917191017288E-15    28.9736055927236
       55       0.72793759015979E-15    28.9736055927632
       56       0.72425801793153E-15    28.9736055927904
       57       0.72610764785750E-15    28.9736055928077
       58       0.72614933126561E-15    28.9736055928208
       59       0.72509034658993E-15    28.9736055928281
       60       0.72308226746960E-15    28.9736055928339
       61       0.72368508145046E-15    28.9736055928376
       62       0.72546545050030E-15    28.9736055928397
       63       0.72844701695366E-15    28.9736055928419
       64       0.72359005314445E-15    28.9736055928432
       65       0.72558602502673E-15    28.9736055928440
       66       0.72484160487195E-15    28.9736055928439
       67       0.72808226996462E-15    28.9736055928450
       68       0.72662520677211E-15    28.9736055928445
       69       0.72403102458641E-15    28.9736055928450
       70       0.72378150618886E-15    28.9736055928455
       71       0.72578893473459E-15    28.9736055928456
       72       0.72289215929556E-15    28.9736055928456
       73       0.72654040771579E-15    28.9736055928458
       74       0.72401061283166E-15    28.9736055928451
       75       0.72186248070828E-15    28.9736055928458
 Benchmark completed 
 VERIFICATION SUCCESSFUL 
 Zeta is     0.2897360559285E+02
 Error is    0.2857022004072E-13


 CG Benchmark Completed.
 Class           =                        C
 Size            =                   150000
 Iterations      =                       75
 Time in seconds =                    13.93
 Total processes =                       16
 Compiled procs  =                       16
 Mop/s total     =                 10293.67
 Mop/s/process   =                   643.35
 Operation type  =           floating point
 Verification    =               SUCCESSFUL
 Version         =                    3.3.1
 Compile date    =              07 Mar 2012

 Compile options:
    MPIF77       = mpif77
    FLINK        = $(MPIF77)
    FMPI_LIB     = -L/usr/local/lib -lmpi
    FMPI_INC     = -I/usr/local/include
    FFLAGS       = -O3  -mcmodel=large
    FLINKFLAGS   = -O3
    RAND         = randi8


 Please send feedbacks and/or the results of this run to:

 NPB Development Team 
 Internet: npb@nas.nasa.gov




 NAS Parallel Benchmarks 3.3 -- CG Benchmark

 Size:     150000
 Iterations:    75
 Number of active processes:    16
 Number of nonzeroes per row:       15
 Eigenvalue shift: .110E+03

Error: 
num of procs allocated   (  16 )
is not equal to
compiled number of procs (  32 )



 NAS Parallel Benchmarks 3.3 -- CG Benchmark

 Size:     150000
 Iterations:    75
 Number of active processes:    16
 Number of nonzeroes per row:       15
 Eigenvalue shift: .110E+03

Error: 
num of procs allocated   (  16 )
is not equal to
compiled number of procs (  64 )



 NAS Parallel Benchmarks 3.3 -- CG Benchmark

 Size:     150000
 Iterations:    75
 Number of active processes:    16
 Number of nonzeroes per row:       15
 Eigenvalue shift: .110E+03

Error: 
num of procs allocated   (  16 )
is not equal to
compiled number of procs ( 128 )



 NAS Parallel Benchmarks 3.3 -- CG Benchmark

 Size:     150000
 Iterations:    75
 Number of active processes:    16
 Number of nonzeroes per row:       15
 Eigenvalue shift: .110E+03

Error: 
num of procs allocated   (  16 )
is not equal to
compiled number of procs ( 128 )



 NAS Parallel Benchmarks 3.3 -- CG Benchmark

 Size:     150000
 Iterations:    75
 Number of active processes:    32
 Number of nonzeroes per row:       15
 Eigenvalue shift: .110E+03

   iteration           ||r||                 zeta
        1       0.19367524841904E-12   109.9994423237398
        2       0.57256403641886E-15    27.3920437146521
        3       0.56672814618026E-15    28.0339761840267
        4       0.56671968347589E-15    28.4191507551290
        5       0.56782659239306E-15    28.6471670038896
        6       0.56621424330456E-15    28.7812969418416
        7       0.56722883869243E-15    28.8600458537346
        8       0.56708419641209E-15    28.9063145572687
        9       0.56487050242750E-15    28.9335649214618
       10       0.56499497140956E-15    28.9496695449000
       11       0.56447243634380E-15    28.9592263353754
       12       0.56675679761525E-15    28.9649233484894
       13       0.56651271494109E-15    28.9683359248934
       14       0.56638402003961E-15    28.9703903960000
       15       0.56504721524178E-15    28.9716336228371
       16       0.56697865007309E-15    28.9723898600855
       17       0.56191396245010E-15    28.9728522692225
       18       0.56418534102479E-15    28.9731364797775
       19       0.56471091026155E-15    28.9733120569287
       20       0.56193882469277E-15    28.9734210663752
       21       0.56391590162553E-15    28.9734890760551
       22       0.56462590620064E-15    28.9735317064875
       23       0.56399224984350E-15    28.9735585497254
       24       0.56215626033462E-15    28.9735755256648
       25       0.56230270854497E-15    28.9735863059386
       26       0.56153833171899E-15    28.9735931787372
       27       0.56201787685710E-15    28.9735975767370
       28       0.56542803877609E-15    28.9736004009988
       29       0.56009773063565E-15    28.9736022206774
       30       0.56202299723515E-15    28.9736033967633
       31       0.56012801253474E-15    28.9736041591154
       32       0.56076709206294E-15    28.9736046546409
       33       0.56124164968340E-15    28.9736049775619
       34       0.55915876303751E-15    28.9736051885103
       35       0.56177008735799E-15    28.9736053266247
       36       0.55799052830549E-15    28.9736054172455
       37       0.55837494364170E-15    28.9736054768224
       38       0.55981277971324E-15    28.9736055160640
       39       0.55893296349965E-15    28.9736055419570
       40       0.55896850483328E-15    28.9736055590700
       41       0.55910297954418E-15    28.9736055703979
       42       0.55999213091158E-15    28.9736055779077
       43       0.55977798627389E-15    28.9736055828933
       44       0.55948312969069E-15    28.9736055862071
       45       0.56137134156537E-15    28.9736055884130
       46       0.55474300014483E-15    28.9736055898823
       47       0.55851001903864E-15    28.9736055908630
       48       0.55612920735979E-15    28.9736055915178
       49       0.55446324490055E-15    28.9736055919553
       50       0.55745484402319E-15    28.9736055922482
       51       0.55713326705999E-15    28.9736055924445
       52       0.55396295245232E-15    28.9736055925762
       53       0.55455589297877E-15    28.9736055926646
       54       0.55527496097603E-15    28.9736055927237
       55       0.55702846846134E-15    28.9736055927634
       56       0.55431186798116E-15    28.9736055927899
       57       0.55640881422992E-15    28.9736055928081
       58       0.55504951067050E-15    28.9736055928207
       59       0.55629180033956E-15    28.9736055928284
       60       0.55376056348608E-15    28.9736055928340
       61       0.55474092816697E-15    28.9736055928376
       62       0.55436918716568E-15    28.9736055928404
       63       0.55496729018878E-15    28.9736055928418
       64       0.55289785595504E-15    28.9736055928430
       65       0.55310333740688E-15    28.9736055928440
       66       0.55321729596831E-15    28.9736055928442
       67       0.55214092266552E-15    28.9736055928450
       68       0.55314185792635E-15    28.9736055928451
       69       0.55000407616228E-15    28.9736055928452
       70       0.55336563457480E-15    28.9736055928451
       71       0.55497295219331E-15    28.9736055928453
       72       0.54978063841363E-15    28.9736055928454
       73       0.55114134085549E-15    28.9736055928456
       74       0.55173200134158E-15    28.9736055928454
       75       0.55192790554479E-15    28.9736055928456
 Benchmark completed 
 VERIFICATION SUCCESSFUL 
 Zeta is     0.2897360559285E+02
 Error is    0.1974165419122E-13


 CG Benchmark Completed.
 Class           =                        C
 Size            =                   150000
 Iterations      =                       75
 Time in seconds =                     7.42
 Total processes =                       32
 Compiled procs  =                       32
 Mop/s total     =                 19318.94
 Mop/s/process   =                   603.72
 Operation type  =           floating point
 Verification    =               SUCCESSFUL
 Version         =                    3.3.1
 Compile date    =              07 Mar 2012

 Compile options:
    MPIF77       = mpif77
    FLINK        = $(MPIF77)
    FMPI_LIB     = -L/usr/local/lib -lmpi
    FMPI_INC     = -I/usr/local/include
    FFLAGS       = -O3  -mcmodel=large
    FLINKFLAGS   = -O3
    RAND         = randi8


 Please send feedbacks and/or the results of this run to:

 NPB Development Team 
 Internet: npb@nas.nasa.gov




 NAS Parallel Benchmarks 3.3 -- CG Benchmark

 Size:     150000
 Iterations:    75
 Number of active processes:    32
 Number of nonzeroes per row:       15
 Eigenvalue shift: .110E+03

Error: 
num of procs allocated   (  32 )
is not equal to
compiled number of procs (  64 )



 NAS Parallel Benchmarks 3.3 -- CG Benchmark

 Size:     150000
 Iterations:    75
 Number of active processes:    32
 Number of nonzeroes per row:       15
 Eigenvalue shift: .110E+03

Error: 
num of procs allocated   (  32 )
is not equal to
compiled number of procs ( 128 )



 NAS Parallel Benchmarks 3.3 -- CG Benchmark

 Size:     150000
 Iterations:    75
 Number of active processes:    32
 Number of nonzeroes per row:       15
 Eigenvalue shift: .110E+03

Error: 
num of procs allocated   (  32 )
is not equal to
compiled number of procs ( 256 )



 NAS Parallel Benchmarks 3.3 -- CG Benchmark

 Size:     150000
 Iterations:    75
 Number of active processes:    32
 Number of nonzeroes per row:       15
 Eigenvalue shift: .110E+03

Error: 
num of procs allocated   (  32 )
is not equal to
compiled number of procs ( 256 )

----------------------------------------
Begin Batch Job Epilogue Thu Mar  8 04:32:52 EST 2012
Job ID:           63294.owlsnest1.nfs
Username:         tub51722
Group:            stdcis
Job Name:         cg.C
Session:          22995
Limits:           neednodes=32:ppn=12,nodes=32:ppn=12,walltime=02:00:00
Resources:        cput=00:13:24,mem=1933280kb,vmem=15309216kb,walltime=00:04:12
Queue:            normal
Account:          
End Batch Job Epilogue Thu Mar  8 04:33:12 EST 2012
----------------------------------------
