----------------------------------------
Begin Batch Job Prologue Thu Mar  8 04:33:14 EST 2012
Job ID:           63300.owlsnest1.nfs
Username:         tub51722
Group:            stdcis
Job Name:         ep.C
Resources List:   neednodes=32:ppn=12,nodes=32:ppn=12,walltime=02:00:00
Queue:            normal
Account:          
Nodes:            w041 w042 w043 w044 w045 w046 w047 w048 w049 w050 w051 w052 w053 w054 w055 w056 w057 w058 w059 w060 w061 w062 w063 w064 w065 w066 w067 w068 w069 w070 w071 w072 
End Batch Job Prologue Thu Mar  8 04:33:15 EST 2012
----------------------------------------

 NAS Parallel Benchmarks 3.3 -- EP Benchmark

 Number of random numbers generated:      8589934592
 Number of active processes:                       2

EP Benchmark Results:

CPU Time =  138.3333
N = 2^   32
No. Gaussian Pairs =    3373275903.
Sums =     4.764367927997834D+04   -8.084072988025697D+04
Counts:
  0    1572172634.
  1    1501108549.
  2     281805648.
  3      17761221.
  4        424017.
  5          3821.
  6            13.
  7             0.
  8             0.
  9             0.


 EP Benchmark Completed.
 Class           =                        C
 Size            =               8589934592
 Iterations      =                        0
 Time in seconds =                   138.33
 Total processes =                        2
 Compiled procs  =                        2
 Mop/s total     =                    62.10
 Mop/s/process   =                    31.05
 Operation type  = Random numbers generated
 Verification    =               SUCCESSFUL
 Version         =                    3.3.1
 Compile date    =              07 Mar 2012

 Compile options:
    MPIF77       = mpif77
    FLINK        = $(MPIF77)
    FMPI_LIB     = -L/usr/local/lib -lmpi
    FMPI_INC     = -I/usr/local/include
    FFLAGS       = -O3  -mcmodel=large
    FLINKFLAGS   = -O3
    RAND         = randi8


 Please send feedbacks and/or the results of this run to:

 NPB Development Team 
 Internet: npb@nas.nasa.gov



 NAS Parallel Benchmarks 3.3 -- EP Benchmark

 Number of random numbers generated:      8589934592
 Number of active processes:                       2

EP Benchmark Results:

CPU Time =  140.1455
N = 2^   32
No. Gaussian Pairs =    3373275903.
Sums =     4.764367927997834D+04   -8.084072988025697D+04
Counts:
  0    1572172634.
  1    1501108549.
  2     281805648.
  3      17761221.
  4        424017.
  5          3821.
  6            13.
  7             0.
  8             0.
  9             0.


 EP Benchmark Completed.
 Class           =                        C
 Size            =               8589934592
 Iterations      =                        0
 Time in seconds =                   140.15
 Total processes =                        2
 Compiled procs  =                        4
 Mop/s total     =                    61.29
 Mop/s/process   =                    30.65
 Operation type  = Random numbers generated
 Verification    =               SUCCESSFUL
 Version         =                    3.3.1
 Compile date    =              07 Mar 2012

 Compile options:
    MPIF77       = mpif77
    FLINK        = $(MPIF77)
    FMPI_LIB     = -L/usr/local/lib -lmpi
    FMPI_INC     = -I/usr/local/include
    FFLAGS       = -O3  -mcmodel=large
    FLINKFLAGS   = -O3
    RAND         = randi8


 Please send feedbacks and/or the results of this run to:

 NPB Development Team 
 Internet: npb@nas.nasa.gov



 NAS Parallel Benchmarks 3.3 -- EP Benchmark

 Number of random numbers generated:      8589934592
 Number of active processes:                       2

EP Benchmark Results:

CPU Time =  140.3836
N = 2^   32
No. Gaussian Pairs =    3373275903.
Sums =     4.764367927997834D+04   -8.084072988025697D+04
Counts:
  0    1572172634.
  1    1501108549.
  2     281805648.
  3      17761221.
  4        424017.
  5          3821.
  6            13.
  7             0.
  8             0.
  9             0.


 EP Benchmark Completed.
 Class           =                        C
 Size            =               8589934592
 Iterations      =                        0
 Time in seconds =                   140.38
 Total processes =                        2
 Compiled procs  =                        8
 Mop/s total     =                    61.19
 Mop/s/process   =                    30.59
 Operation type  = Random numbers generated
 Verification    =               SUCCESSFUL
 Version         =                    3.3.1
 Compile date    =              07 Mar 2012

 Compile options:
    MPIF77       = mpif77
    FLINK        = $(MPIF77)
    FMPI_LIB     = -L/usr/local/lib -lmpi
    FMPI_INC     = -I/usr/local/include
    FFLAGS       = -O3  -mcmodel=large
    FLINKFLAGS   = -O3
    RAND         = randi8


 Please send feedbacks and/or the results of this run to:

 NPB Development Team 
 Internet: npb@nas.nasa.gov



 NAS Parallel Benchmarks 3.3 -- EP Benchmark

 Number of random numbers generated:      8589934592
 Number of active processes:                       2

EP Benchmark Results:

CPU Time =  139.6619
N = 2^   32
No. Gaussian Pairs =    3373275903.
Sums =     4.764367927997834D+04   -8.084072988025697D+04
Counts:
  0    1572172634.
  1    1501108549.
  2     281805648.
  3      17761221.
  4        424017.
  5          3821.
  6            13.
  7             0.
  8             0.
  9             0.


 EP Benchmark Completed.
 Class           =                        C
 Size            =               8589934592
 Iterations      =                        0
 Time in seconds =                   139.66
 Total processes =                        2
 Compiled procs  =                       16
 Mop/s total     =                    61.51
 Mop/s/process   =                    30.75
 Operation type  = Random numbers generated
 Verification    =               SUCCESSFUL
 Version         =                    3.3.1
 Compile date    =              07 Mar 2012

 Compile options:
    MPIF77       = mpif77
    FLINK        = $(MPIF77)
    FMPI_LIB     = -L/usr/local/lib -lmpi
    FMPI_INC     = -I/usr/local/include
    FFLAGS       = -O3  -mcmodel=large
    FLINKFLAGS   = -O3
    RAND         = randi8


 Please send feedbacks and/or the results of this run to:

 NPB Development Team 
 Internet: npb@nas.nasa.gov



 NAS Parallel Benchmarks 3.3 -- EP Benchmark

 Number of random numbers generated:      8589934592
 Number of active processes:                       2

EP Benchmark Results:

CPU Time =  140.2481
N = 2^   32
No. Gaussian Pairs =    3373275903.
Sums =     4.764367927997834D+04   -8.084072988025697D+04
Counts:
  0    1572172634.
  1    1501108549.
  2     281805648.
  3      17761221.
  4        424017.
  5          3821.
  6            13.
  7             0.
  8             0.
  9             0.


 EP Benchmark Completed.
 Class           =                        C
 Size            =               8589934592
 Iterations      =                        0
 Time in seconds =                   140.25
 Total processes =                        2
 Compiled procs  =                       16
 Mop/s total     =                    61.25
 Mop/s/process   =                    30.62
 Operation type  = Random numbers generated
 Verification    =               SUCCESSFUL
 Version         =                    3.3.1
 Compile date    =              07 Mar 2012

 Compile options:
    MPIF77       = mpif77
    FLINK        = $(MPIF77)
    FMPI_LIB     = -L/usr/local/lib -lmpi
    FMPI_INC     = -I/usr/local/include
    FFLAGS       = -O3  -mcmodel=large
    FLINKFLAGS   = -O3
    RAND         = randi8


 Please send feedbacks and/or the results of this run to:

 NPB Development Team 
 Internet: npb@nas.nasa.gov



 NAS Parallel Benchmarks 3.3 -- EP Benchmark

 Number of random numbers generated:      8589934592
 Number of active processes:                       4

EP Benchmark Results:

CPU Time =   69.1604
N = 2^   32
No. Gaussian Pairs =    3373275903.
Sums =     4.764367927995943D+04   -8.084072988039246D+04
Counts:
  0    1572172634.
  1    1501108549.
  2     281805648.
  3      17761221.
  4        424017.
  5          3821.
  6            13.
  7             0.
  8             0.
  9             0.


 EP Benchmark Completed.
 Class           =                        C
 Size            =               8589934592
 Iterations      =                        0
 Time in seconds =                    69.16
 Total processes =                        4
 Compiled procs  =                        4
 Mop/s total     =                   124.20
 Mop/s/process   =                    31.05
 Operation type  = Random numbers generated
 Verification    =               SUCCESSFUL
 Version         =                    3.3.1
 Compile date    =              07 Mar 2012

 Compile options:
    MPIF77       = mpif77
    FLINK        = $(MPIF77)
    FMPI_LIB     = -L/usr/local/lib -lmpi
    FMPI_INC     = -I/usr/local/include
    FFLAGS       = -O3  -mcmodel=large
    FLINKFLAGS   = -O3
    RAND         = randi8


 Please send feedbacks and/or the results of this run to:

 NPB Development Team 
 Internet: npb@nas.nasa.gov



 NAS Parallel Benchmarks 3.3 -- EP Benchmark

 Number of random numbers generated:      8589934592
 Number of active processes:                       4

EP Benchmark Results:

CPU Time =   70.0917
N = 2^   32
No. Gaussian Pairs =    3373275903.
Sums =     4.764367927995943D+04   -8.084072988039246D+04
Counts:
  0    1572172634.
  1    1501108549.
  2     281805648.
  3      17761221.
  4        424017.
  5          3821.
  6            13.
  7             0.
  8             0.
  9             0.


 EP Benchmark Completed.
 Class           =                        C
 Size            =               8589934592
 Iterations      =                        0
 Time in seconds =                    70.09
 Total processes =                        4
 Compiled procs  =                        8
 Mop/s total     =                   122.55
 Mop/s/process   =                    30.64
 Operation type  = Random numbers generated
 Verification    =               SUCCESSFUL
 Version         =                    3.3.1
 Compile date    =              07 Mar 2012

 Compile options:
    MPIF77       = mpif77
    FLINK        = $(MPIF77)
    FMPI_LIB     = -L/usr/local/lib -lmpi
    FMPI_INC     = -I/usr/local/include
    FFLAGS       = -O3  -mcmodel=large
    FLINKFLAGS   = -O3
    RAND         = randi8


 Please send feedbacks and/or the results of this run to:

 NPB Development Team 
 Internet: npb@nas.nasa.gov



 NAS Parallel Benchmarks 3.3 -- EP Benchmark

 Number of random numbers generated:      8589934592
 Number of active processes:                       4

EP Benchmark Results:

CPU Time =   69.8234
N = 2^   32
No. Gaussian Pairs =    3373275903.
Sums =     4.764367927995943D+04   -8.084072988039246D+04
Counts:
  0    1572172634.
  1    1501108549.
  2     281805648.
  3      17761221.
  4        424017.
  5          3821.
  6            13.
  7             0.
  8             0.
  9             0.


 EP Benchmark Completed.
 Class           =                        C
 Size            =               8589934592
 Iterations      =                        0
 Time in seconds =                    69.82
 Total processes =                        4
 Compiled procs  =                       16
 Mop/s total     =                   123.02
 Mop/s/process   =                    30.76
 Operation type  = Random numbers generated
 Verification    =               SUCCESSFUL
 Version         =                    3.3.1
 Compile date    =              07 Mar 2012

 Compile options:
    MPIF77       = mpif77
    FLINK        = $(MPIF77)
    FMPI_LIB     = -L/usr/local/lib -lmpi
    FMPI_INC     = -I/usr/local/include
    FFLAGS       = -O3  -mcmodel=large
    FLINKFLAGS   = -O3
    RAND         = randi8


 Please send feedbacks and/or the results of this run to:

 NPB Development Team 
 Internet: npb@nas.nasa.gov



 NAS Parallel Benchmarks 3.3 -- EP Benchmark

 Number of random numbers generated:      8589934592
 Number of active processes:                       4

EP Benchmark Results:

CPU Time =   70.4617
N = 2^   32
No. Gaussian Pairs =    3373275903.
Sums =     4.764367927995943D+04   -8.084072988039246D+04
Counts:
  0    1572172634.
  1    1501108549.
  2     281805648.
  3      17761221.
  4        424017.
  5          3821.
  6            13.
  7             0.
  8             0.
  9             0.


 EP Benchmark Completed.
 Class           =                        C
 Size            =               8589934592
 Iterations      =                        0
 Time in seconds =                    70.46
 Total processes =                        4
 Compiled procs  =                       32
 Mop/s total     =                   121.91
 Mop/s/process   =                    30.48
 Operation type  = Random numbers generated
 Verification    =               SUCCESSFUL
 Version         =                    3.3.1
 Compile date    =              07 Mar 2012

 Compile options:
    MPIF77       = mpif77
    FLINK        = $(MPIF77)
    FMPI_LIB     = -L/usr/local/lib -lmpi
    FMPI_INC     = -I/usr/local/include
    FFLAGS       = -O3  -mcmodel=large
    FLINKFLAGS   = -O3
    RAND         = randi8


 Please send feedbacks and/or the results of this run to:

 NPB Development Team 
 Internet: npb@nas.nasa.gov



 NAS Parallel Benchmarks 3.3 -- EP Benchmark

 Number of random numbers generated:      8589934592
 Number of active processes:                       4

EP Benchmark Results:

CPU Time =   69.5121
N = 2^   32
No. Gaussian Pairs =    3373275903.
Sums =     4.764367927995943D+04   -8.084072988039246D+04
Counts:
  0    1572172634.
  1    1501108549.
  2     281805648.
  3      17761221.
  4        424017.
  5          3821.
  6            13.
  7             0.
  8             0.
  9             0.


 EP Benchmark Completed.
 Class           =                        C
 Size            =               8589934592
 Iterations      =                        0
 Time in seconds =                    69.51
 Total processes =                        4
 Compiled procs  =                       32
 Mop/s total     =                   123.57
 Mop/s/process   =                    30.89
 Operation type  = Random numbers generated
 Verification    =               SUCCESSFUL
 Version         =                    3.3.1
 Compile date    =              07 Mar 2012

 Compile options:
    MPIF77       = mpif77
    FLINK        = $(MPIF77)
    FMPI_LIB     = -L/usr/local/lib -lmpi
    FMPI_INC     = -I/usr/local/include
    FFLAGS       = -O3  -mcmodel=large
    FLINKFLAGS   = -O3
    RAND         = randi8


 Please send feedbacks and/or the results of this run to:

 NPB Development Team 
 Internet: npb@nas.nasa.gov



 NAS Parallel Benchmarks 3.3 -- EP Benchmark

 Number of random numbers generated:      8589934592
 Number of active processes:                       8

EP Benchmark Results:

CPU Time =   34.5868
N = 2^   32
No. Gaussian Pairs =    3373275903.
Sums =     4.764367927995972D+04   -8.084072988049158D+04
Counts:
  0    1572172634.
  1    1501108549.
  2     281805648.
  3      17761221.
  4        424017.
  5          3821.
  6            13.
  7             0.
  8             0.
  9             0.


 EP Benchmark Completed.
 Class           =                        C
 Size            =               8589934592
 Iterations      =                        0
 Time in seconds =                    34.59
 Total processes =                        8
 Compiled procs  =                        8
 Mop/s total     =                   248.36
 Mop/s/process   =                    31.04
 Operation type  = Random numbers generated
 Verification    =               SUCCESSFUL
 Version         =                    3.3.1
 Compile date    =              07 Mar 2012

 Compile options:
    MPIF77       = mpif77
    FLINK        = $(MPIF77)
    FMPI_LIB     = -L/usr/local/lib -lmpi
    FMPI_INC     = -I/usr/local/include
    FFLAGS       = -O3  -mcmodel=large
    FLINKFLAGS   = -O3
    RAND         = randi8


 Please send feedbacks and/or the results of this run to:

 NPB Development Team 
 Internet: npb@nas.nasa.gov



 NAS Parallel Benchmarks 3.3 -- EP Benchmark

 Number of random numbers generated:      8589934592
 Number of active processes:                       8

EP Benchmark Results:

CPU Time =   35.2050
N = 2^   32
No. Gaussian Pairs =    3373275903.
Sums =     4.764367927995972D+04   -8.084072988049158D+04
Counts:
  0    1572172634.
  1    1501108549.
  2     281805648.
  3      17761221.
  4        424017.
  5          3821.
  6            13.
  7             0.
  8             0.
  9             0.


 EP Benchmark Completed.
 Class           =                        C
 Size            =               8589934592
 Iterations      =                        0
 Time in seconds =                    35.20
 Total processes =                        8
 Compiled procs  =                       16
 Mop/s total     =                   244.00
 Mop/s/process   =                    30.50
 Operation type  = Random numbers generated
 Verification    =               SUCCESSFUL
 Version         =                    3.3.1
 Compile date    =              07 Mar 2012

 Compile options:
    MPIF77       = mpif77
    FLINK        = $(MPIF77)
    FMPI_LIB     = -L/usr/local/lib -lmpi
    FMPI_INC     = -I/usr/local/include
    FFLAGS       = -O3  -mcmodel=large
    FLINKFLAGS   = -O3
    RAND         = randi8


 Please send feedbacks and/or the results of this run to:

 NPB Development Team 
 Internet: npb@nas.nasa.gov



 NAS Parallel Benchmarks 3.3 -- EP Benchmark

 Number of random numbers generated:      8589934592
 Number of active processes:                       8

EP Benchmark Results:

CPU Time =   35.0982
N = 2^   32
No. Gaussian Pairs =    3373275903.
Sums =     4.764367927995972D+04   -8.084072988049158D+04
Counts:
  0    1572172634.
  1    1501108549.
  2     281805648.
  3      17761221.
  4        424017.
  5          3821.
  6            13.
  7             0.
  8             0.
  9             0.


 EP Benchmark Completed.
 Class           =                        C
 Size            =               8589934592
 Iterations      =                        0
 Time in seconds =                    35.10
 Total processes =                        8
 Compiled procs  =                       32
 Mop/s total     =                   244.74
 Mop/s/process   =                    30.59
 Operation type  = Random numbers generated
 Verification    =               SUCCESSFUL
 Version         =                    3.3.1
 Compile date    =              07 Mar 2012

 Compile options:
    MPIF77       = mpif77
    FLINK        = $(MPIF77)
    FMPI_LIB     = -L/usr/local/lib -lmpi
    FMPI_INC     = -I/usr/local/include
    FFLAGS       = -O3  -mcmodel=large
    FLINKFLAGS   = -O3
    RAND         = randi8


 Please send feedbacks and/or the results of this run to:

 NPB Development Team 
 Internet: npb@nas.nasa.gov



 NAS Parallel Benchmarks 3.3 -- EP Benchmark

 Number of random numbers generated:      8589934592
 Number of active processes:                       8

EP Benchmark Results:

CPU Time =   36.1883
N = 2^   32
No. Gaussian Pairs =    3373275903.
Sums =     4.764367927995972D+04   -8.084072988049158D+04
Counts:
  0    1572172634.
  1    1501108549.
  2     281805648.
  3      17761221.
  4        424017.
  5          3821.
  6            13.
  7             0.
  8             0.
  9             0.


 EP Benchmark Completed.
 Class           =                        C
 Size            =               8589934592
 Iterations      =                        0
 Time in seconds =                    36.19
 Total processes =                        8
 Compiled procs  =                       64
 Mop/s total     =                   237.37
 Mop/s/process   =                    29.67
 Operation type  = Random numbers generated
 Verification    =               SUCCESSFUL
 Version         =                    3.3.1
 Compile date    =              07 Mar 2012

 Compile options:
    MPIF77       = mpif77
    FLINK        = $(MPIF77)
    FMPI_LIB     = -L/usr/local/lib -lmpi
    FMPI_INC     = -I/usr/local/include
    FFLAGS       = -O3  -mcmodel=large
    FLINKFLAGS   = -O3
    RAND         = randi8


 Please send feedbacks and/or the results of this run to:

 NPB Development Team 
 Internet: npb@nas.nasa.gov



 NAS Parallel Benchmarks 3.3 -- EP Benchmark

 Number of random numbers generated:      8589934592
 Number of active processes:                       8

EP Benchmark Results:

CPU Time =   36.4671
N = 2^   32
No. Gaussian Pairs =    3373275903.
Sums =     4.764367927995972D+04   -8.084072988049158D+04
Counts:
  0    1572172634.
  1    1501108549.
  2     281805648.
  3      17761221.
  4        424017.
  5          3821.
  6            13.
  7             0.
  8             0.
  9             0.


 EP Benchmark Completed.
 Class           =                        C
 Size            =               8589934592
 Iterations      =                        0
 Time in seconds =                    36.47
 Total processes =                        8
 Compiled procs  =                       64
 Mop/s total     =                   235.55
 Mop/s/process   =                    29.44
 Operation type  = Random numbers generated
 Verification    =               SUCCESSFUL
 Version         =                    3.3.1
 Compile date    =              07 Mar 2012

 Compile options:
    MPIF77       = mpif77
    FLINK        = $(MPIF77)
    FMPI_LIB     = -L/usr/local/lib -lmpi
    FMPI_INC     = -I/usr/local/include
    FFLAGS       = -O3  -mcmodel=large
    FLINKFLAGS   = -O3
    RAND         = randi8


 Please send feedbacks and/or the results of this run to:

 NPB Development Team 
 Internet: npb@nas.nasa.gov



 NAS Parallel Benchmarks 3.3 -- EP Benchmark

 Number of random numbers generated:      8589934592
 Number of active processes:                      16

EP Benchmark Results:

CPU Time =   17.3018
N = 2^   32
No. Gaussian Pairs =    3373275903.
Sums =     4.764367927997306D+04   -8.084072988045780D+04
Counts:
  0    1572172634.
  1    1501108549.
  2     281805648.
  3      17761221.
  4        424017.
  5          3821.
  6            13.
  7             0.
  8             0.
  9             0.


 EP Benchmark Completed.
 Class           =                        C
 Size            =               8589934592
 Iterations      =                        0
 Time in seconds =                    17.30
 Total processes =                       16
 Compiled procs  =                       16
 Mop/s total     =                   496.48
 Mop/s/process   =                    31.03
 Operation type  = Random numbers generated
 Verification    =               SUCCESSFUL
 Version         =                    3.3.1
 Compile date    =              07 Mar 2012

 Compile options:
    MPIF77       = mpif77
    FLINK        = $(MPIF77)
    FMPI_LIB     = -L/usr/local/lib -lmpi
    FMPI_INC     = -I/usr/local/include
    FFLAGS       = -O3  -mcmodel=large
    FLINKFLAGS   = -O3
    RAND         = randi8


 Please send feedbacks and/or the results of this run to:

 NPB Development Team 
 Internet: npb@nas.nasa.gov



 NAS Parallel Benchmarks 3.3 -- EP Benchmark

 Number of random numbers generated:      8589934592
 Number of active processes:                      16

EP Benchmark Results:

CPU Time =   17.5779
N = 2^   32
No. Gaussian Pairs =    3373275903.
Sums =     4.764367927997306D+04   -8.084072988045780D+04
Counts:
  0    1572172634.
  1    1501108549.
  2     281805648.
  3      17761221.
  4        424017.
  5          3821.
  6            13.
  7             0.
  8             0.
  9             0.


 EP Benchmark Completed.
 Class           =                        C
 Size            =               8589934592
 Iterations      =                        0
 Time in seconds =                    17.58
 Total processes =                       16
 Compiled procs  =                       32
 Mop/s total     =                   488.68
 Mop/s/process   =                    30.54
 Operation type  = Random numbers generated
 Verification    =               SUCCESSFUL
 Version         =                    3.3.1
 Compile date    =              07 Mar 2012

 Compile options:
    MPIF77       = mpif77
    FLINK        = $(MPIF77)
    FMPI_LIB     = -L/usr/local/lib -lmpi
    FMPI_INC     = -I/usr/local/include
    FFLAGS       = -O3  -mcmodel=large
    FLINKFLAGS   = -O3
    RAND         = randi8


 Please send feedbacks and/or the results of this run to:

 NPB Development Team 
 Internet: npb@nas.nasa.gov



 NAS Parallel Benchmarks 3.3 -- EP Benchmark

 Number of random numbers generated:      8589934592
 Number of active processes:                      16

EP Benchmark Results:

CPU Time =   17.6320
N = 2^   32
No. Gaussian Pairs =    3373275903.
Sums =     4.764367927997306D+04   -8.084072988045780D+04
Counts:
  0    1572172634.
  1    1501108549.
  2     281805648.
  3      17761221.
  4        424017.
  5          3821.
  6            13.
  7             0.
  8             0.
  9             0.


 EP Benchmark Completed.
 Class           =                        C
 Size            =               8589934592
 Iterations      =                        0
 Time in seconds =                    17.63
 Total processes =                       16
 Compiled procs  =                       64
 Mop/s total     =                   487.18
 Mop/s/process   =                    30.45
 Operation type  = Random numbers generated
 Verification    =               SUCCESSFUL
 Version         =                    3.3.1
 Compile date    =              07 Mar 2012

 Compile options:
    MPIF77       = mpif77
    FLINK        = $(MPIF77)
    FMPI_LIB     = -L/usr/local/lib -lmpi
    FMPI_INC     = -I/usr/local/include
    FFLAGS       = -O3  -mcmodel=large
    FLINKFLAGS   = -O3
    RAND         = randi8


 Please send feedbacks and/or the results of this run to:

 NPB Development Team 
 Internet: npb@nas.nasa.gov



 NAS Parallel Benchmarks 3.3 -- EP Benchmark

 Number of random numbers generated:      8589934592
 Number of active processes:                      16

EP Benchmark Results:

CPU Time =   18.2397
N = 2^   32
No. Gaussian Pairs =    3373275903.
Sums =     4.764367927997306D+04   -8.084072988045780D+04
Counts:
  0    1572172634.
  1    1501108549.
  2     281805648.
  3      17761221.
  4        424017.
  5          3821.
  6            13.
  7             0.
  8             0.
  9             0.


 EP Benchmark Completed.
 Class           =                        C
 Size            =               8589934592
 Iterations      =                        0
 Time in seconds =                    18.24
 Total processes =                       16
 Compiled procs  =                      128
 Mop/s total     =                   470.95
 Mop/s/process   =                    29.43
 Operation type  = Random numbers generated
 Verification    =               SUCCESSFUL
 Version         =                    3.3.1
 Compile date    =              07 Mar 2012

 Compile options:
    MPIF77       = mpif77
    FLINK        = $(MPIF77)
    FMPI_LIB     = -L/usr/local/lib -lmpi
    FMPI_INC     = -I/usr/local/include
    FFLAGS       = -O3  -mcmodel=large
    FLINKFLAGS   = -O3
    RAND         = randi8


 Please send feedbacks and/or the results of this run to:

 NPB Development Team 
 Internet: npb@nas.nasa.gov



 NAS Parallel Benchmarks 3.3 -- EP Benchmark

 Number of random numbers generated:      8589934592
 Number of active processes:                      16

EP Benchmark Results:

CPU Time =   18.0563
N = 2^   32
No. Gaussian Pairs =    3373275903.
Sums =     4.764367927997306D+04   -8.084072988045780D+04
Counts:
  0    1572172634.
  1    1501108549.
  2     281805648.
  3      17761221.
  4        424017.
  5          3821.
  6            13.
  7             0.
  8             0.
  9             0.


 EP Benchmark Completed.
 Class           =                        C
 Size            =               8589934592
 Iterations      =                        0
 Time in seconds =                    18.06
 Total processes =                       16
 Compiled procs  =                      128
 Mop/s total     =                   475.73
 Mop/s/process   =                    29.73
 Operation type  = Random numbers generated
 Verification    =               SUCCESSFUL
 Version         =                    3.3.1
 Compile date    =              07 Mar 2012

 Compile options:
    MPIF77       = mpif77
    FLINK        = $(MPIF77)
    FMPI_LIB     = -L/usr/local/lib -lmpi
    FMPI_INC     = -I/usr/local/include
    FFLAGS       = -O3  -mcmodel=large
    FLINKFLAGS   = -O3
    RAND         = randi8


 Please send feedbacks and/or the results of this run to:

 NPB Development Team 
 Internet: npb@nas.nasa.gov



 NAS Parallel Benchmarks 3.3 -- EP Benchmark

 Number of random numbers generated:      8589934592
 Number of active processes:                      32

EP Benchmark Results:

CPU Time =    8.6472
N = 2^   32
No. Gaussian Pairs =    3373275903.
Sums =     4.764367927995415D+04   -8.084072988043667D+04
Counts:
  0    1572172634.
  1    1501108549.
  2     281805648.
  3      17761221.
  4        424017.
  5          3821.
  6            13.
  7             0.
  8             0.
  9             0.


 EP Benchmark Completed.
 Class           =                        C
 Size            =               8589934592
 Iterations      =                        0
 Time in seconds =                     8.65
 Total processes =                       32
 Compiled procs  =                       32
 Mop/s total     =                   993.37
 Mop/s/process   =                    31.04
 Operation type  = Random numbers generated
 Verification    =               SUCCESSFUL
 Version         =                    3.3.1
 Compile date    =              07 Mar 2012

 Compile options:
    MPIF77       = mpif77
    FLINK        = $(MPIF77)
    FMPI_LIB     = -L/usr/local/lib -lmpi
    FMPI_INC     = -I/usr/local/include
    FFLAGS       = -O3  -mcmodel=large
    FLINKFLAGS   = -O3
    RAND         = randi8


 Please send feedbacks and/or the results of this run to:

 NPB Development Team 
 Internet: npb@nas.nasa.gov



 NAS Parallel Benchmarks 3.3 -- EP Benchmark

 Number of random numbers generated:      8589934592
 Number of active processes:                      32

EP Benchmark Results:

CPU Time =    8.7795
N = 2^   32
No. Gaussian Pairs =    3373275903.
Sums =     4.764367927995415D+04   -8.084072988043667D+04
Counts:
  0    1572172634.
  1    1501108549.
  2     281805648.
  3      17761221.
  4        424017.
  5          3821.
  6            13.
  7             0.
  8             0.
  9             0.


 EP Benchmark Completed.
 Class           =                        C
 Size            =               8589934592
 Iterations      =                        0
 Time in seconds =                     8.78
 Total processes =                       32
 Compiled procs  =                       64
 Mop/s total     =                   978.41
 Mop/s/process   =                    30.58
 Operation type  = Random numbers generated
 Verification    =               SUCCESSFUL
 Version         =                    3.3.1
 Compile date    =              07 Mar 2012

 Compile options:
    MPIF77       = mpif77
    FLINK        = $(MPIF77)
    FMPI_LIB     = -L/usr/local/lib -lmpi
    FMPI_INC     = -I/usr/local/include
    FFLAGS       = -O3  -mcmodel=large
    FLINKFLAGS   = -O3
    RAND         = randi8


 Please send feedbacks and/or the results of this run to:

 NPB Development Team 
 Internet: npb@nas.nasa.gov



 NAS Parallel Benchmarks 3.3 -- EP Benchmark

 Number of random numbers generated:      8589934592
 Number of active processes:                      32

EP Benchmark Results:

CPU Time =    8.8292
N = 2^   32
No. Gaussian Pairs =    3373275903.
Sums =     4.764367927995415D+04   -8.084072988043667D+04
Counts:
  0    1572172634.
  1    1501108549.
  2     281805648.
  3      17761221.
  4        424017.
  5          3821.
  6            13.
  7             0.
  8             0.
  9             0.


 EP Benchmark Completed.
 Class           =                        C
 Size            =               8589934592
 Iterations      =                        0
 Time in seconds =                     8.83
 Total processes =                       32
 Compiled procs  =                      128
 Mop/s total     =                   972.90
 Mop/s/process   =                    30.40
 Operation type  = Random numbers generated
 Verification    =               SUCCESSFUL
 Version         =                    3.3.1
 Compile date    =              07 Mar 2012

 Compile options:
    MPIF77       = mpif77
    FLINK        = $(MPIF77)
    FMPI_LIB     = -L/usr/local/lib -lmpi
    FMPI_INC     = -I/usr/local/include
    FFLAGS       = -O3  -mcmodel=large
    FLINKFLAGS   = -O3
    RAND         = randi8


 Please send feedbacks and/or the results of this run to:

 NPB Development Team 
 Internet: npb@nas.nasa.gov



 NAS Parallel Benchmarks 3.3 -- EP Benchmark

 Number of random numbers generated:      8589934592
 Number of active processes:                      32

EP Benchmark Results:

CPU Time =    9.0782
N = 2^   32
No. Gaussian Pairs =    3373275903.
Sums =     4.764367927995415D+04   -8.084072988043667D+04
Counts:
  0    1572172634.
  1    1501108549.
  2     281805648.
  3      17761221.
  4        424017.
  5          3821.
  6            13.
  7             0.
  8             0.
  9             0.


 EP Benchmark Completed.
 Class           =                        C
 Size            =               8589934592
 Iterations      =                        0
 Time in seconds =                     9.08
 Total processes =                       32
 Compiled procs  =                      256
 Mop/s total     =                   946.21
 Mop/s/process   =                    29.57
 Operation type  = Random numbers generated
 Verification    =               SUCCESSFUL
 Version         =                    3.3.1
 Compile date    =              07 Mar 2012

 Compile options:
    MPIF77       = mpif77
    FLINK        = $(MPIF77)
    FMPI_LIB     = -L/usr/local/lib -lmpi
    FMPI_INC     = -I/usr/local/include
    FFLAGS       = -O3  -mcmodel=large
    FLINKFLAGS   = -O3
    RAND         = randi8


 Please send feedbacks and/or the results of this run to:

 NPB Development Team 
 Internet: npb@nas.nasa.gov



 NAS Parallel Benchmarks 3.3 -- EP Benchmark

 Number of random numbers generated:      8589934592
 Number of active processes:                      32

EP Benchmark Results:

CPU Time =    9.1027
N = 2^   32
No. Gaussian Pairs =    3373275903.
Sums =     4.764367927995415D+04   -8.084072988043667D+04
Counts:
  0    1572172634.
  1    1501108549.
  2     281805648.
  3      17761221.
  4        424017.
  5          3821.
  6            13.
  7             0.
  8             0.
  9             0.


 EP Benchmark Completed.
 Class           =                        C
 Size            =               8589934592
 Iterations      =                        0
 Time in seconds =                     9.10
 Total processes =                       32
 Compiled procs  =                      256
 Mop/s total     =                   943.67
 Mop/s/process   =                    29.49
 Operation type  = Random numbers generated
 Verification    =               SUCCESSFUL
 Version         =                    3.3.1
 Compile date    =              07 Mar 2012

 Compile options:
    MPIF77       = mpif77
    FLINK        = $(MPIF77)
    FMPI_LIB     = -L/usr/local/lib -lmpi
    FMPI_INC     = -I/usr/local/include
    FFLAGS       = -O3  -mcmodel=large
    FLINKFLAGS   = -O3
    RAND         = randi8


 Please send feedbacks and/or the results of this run to:

 NPB Development Team 
 Internet: npb@nas.nasa.gov


----------------------------------------
Begin Batch Job Epilogue Thu Mar  8 04:56:14 EST 2012
Job ID:           63300.owlsnest1.nfs
Username:         tub51722
Group:            stdcis
Job Name:         ep.C
Session:          23652
Limits:           neednodes=32:ppn=12,nodes=32:ppn=12,walltime=02:00:00
Resources:        cput=01:16:06,mem=573652kb,vmem=51760128kb,walltime=00:23:00
Queue:            normal
Account:          
End Batch Job Epilogue Thu Mar  8 04:56:34 EST 2012
----------------------------------------
