----------------------------------------
Begin Batch Job Prologue Fri Mar  9 01:47:00 EST 2012
Job ID:           63521.owlsnest1.nfs
Username:         tub51722
Group:            stdcis
Job Name:         is.C
Resources List:   neednodes=32:ppn=12,nodes=32:ppn=12,walltime=02:00:00
Queue:            normal
Account:          
Nodes:            w001 w002 w003 w004 w012 w016 w028 w029 w042 w043 w044 w045 w046 w047 w048 w049 w057 w058 w059 w060 w061 w062 w063 w064 w065 w066 w067 w068 w069 w070 w071 w072 
End Batch Job Prologue Fri Mar  9 01:47:01 EST 2012
----------------------------------------
2
1
2


 NAS Parallel Benchmarks 3.3 -- IS Benchmark

 Size:  134217728  (class C)
 Iterations:   10
 Number of processes:     2

   iteration
        1
        2
        3
        4
        5
        6
        7
        8
        9
        10


 IS Benchmark Completed
 Class           =                        C
 Size            =                134217728
 Iterations      =                       10
 Time in seconds =                     7.39
 Total processes =                        2
 Compiled procs  =                        2
 Mop/s total     =                   181.52
 Mop/s/process   =                    90.76
 Operation type  =              keys ranked
 Verification    =               SUCCESSFUL
 Version         =                    3.3.1
 Compile date    =              07 Mar 2012

 Compile options:
    MPICC        = mpicc
    CLINK        = $(MPICC)
    CMPI_LIB     = -L/usr/local/lib -lmpi
    CMPI_INC     = -I/usr/local/include
    CFLAGS       = -O3
    CLINKFLAGS   = -O3


 Please send feedbacks and/or the results of this run to:

 NPB Development Team
 npb@nas.nasa.gov




 NAS Parallel Benchmarks 3.3 -- IS Benchmark

 Size:  134217728  (class C)
 Iterations:   10
 Number of processes:     4

   iteration
        1
        2
        3
        4
        5
        6
        7
        8
        9
        10


 IS Benchmark Completed
 Class           =                        C
 Size            =                134217728
 Iterations      =                       10
 Time in seconds =                     3.80
 Total processes =                        4
 Compiled procs  =                        4
 Mop/s total     =                   353.08
 Mop/s/process   =                    88.27
 Operation type  =              keys ranked
 Verification    =               SUCCESSFUL
 Version         =                    3.3.1
 Compile date    =              07 Mar 2012

 Compile options:
    MPICC        = mpicc
    CLINK        = $(MPICC)
    CMPI_LIB     = -L/usr/local/lib -lmpi
    CMPI_INC     = -I/usr/local/include
    CFLAGS       = -O3
    CLINKFLAGS   = -O3


 Please send feedbacks and/or the results of this run to:

 NPB Development Team
 npb@nas.nasa.gov




 NAS Parallel Benchmarks 3.3 -- IS Benchmark

 Size:  134217728  (class C)
 Iterations:   10
 Number of processes:     8

   iteration
        1
        2
        3
        4
        5
        6
        7
        8
        9
        10


 IS Benchmark Completed
 Class           =                        C
 Size            =                134217728
 Iterations      =                       10
 Time in seconds =                     2.22
 Total processes =                        8
 Compiled procs  =                        8
 Mop/s total     =                   604.55
 Mop/s/process   =                    75.57
 Operation type  =              keys ranked
 Verification    =               SUCCESSFUL
 Version         =                    3.3.1
 Compile date    =              07 Mar 2012

 Compile options:
    MPICC        = mpicc
    CLINK        = $(MPICC)
    CMPI_LIB     = -L/usr/local/lib -lmpi
    CMPI_INC     = -I/usr/local/include
    CFLAGS       = -O3
    CLINKFLAGS   = -O3


 Please send feedbacks and/or the results of this run to:

 NPB Development Team
 npb@nas.nasa.gov




 NAS Parallel Benchmarks 3.3 -- IS Benchmark

 Size:  134217728  (class C)
 Iterations:   10
 Number of processes:     16

   iteration
        1
        2
        3
        4
        5
        6
        7
        8
        9
        10


 IS Benchmark Completed
 Class           =                        C
 Size            =                134217728
 Iterations      =                       10
 Time in seconds =                     1.65
 Total processes =                       16
 Compiled procs  =                       16
 Mop/s total     =                   812.45
 Mop/s/process   =                    50.78
 Operation type  =              keys ranked
 Verification    =               SUCCESSFUL
 Version         =                    3.3.1
 Compile date    =              07 Mar 2012

 Compile options:
    MPICC        = mpicc
    CLINK        = $(MPICC)
    CMPI_LIB     = -L/usr/local/lib -lmpi
    CMPI_INC     = -I/usr/local/include
    CFLAGS       = -O3
    CLINKFLAGS   = -O3


 Please send feedbacks and/or the results of this run to:

 NPB Development Team
 npb@nas.nasa.gov




 NAS Parallel Benchmarks 3.3 -- IS Benchmark

 Size:  134217728  (class C)
 Iterations:   10
 Number of processes:     24

 ERROR: compiled for 16 processes
 Number of active processes: 24
 Exiting program!

4
1
2
3
4


 NAS Parallel Benchmarks 3.3 -- IS Benchmark

 Size:  134217728  (class C)
 Iterations:   10
 Number of processes:     4

   iteration
        1
        2
        3
        4
        5
        6
        7
        8
        9
        10


 IS Benchmark Completed
 Class           =                        C
 Size            =                134217728
 Iterations      =                       10
 Time in seconds =                     3.61
 Total processes =                        4
 Compiled procs  =                        4
 Mop/s total     =                   372.20
 Mop/s/process   =                    93.05
 Operation type  =              keys ranked
 Verification    =               SUCCESSFUL
 Version         =                    3.3.1
 Compile date    =              07 Mar 2012

 Compile options:
    MPICC        = mpicc
    CLINK        = $(MPICC)
    CMPI_LIB     = -L/usr/local/lib -lmpi
    CMPI_INC     = -I/usr/local/include
    CFLAGS       = -O3
    CLINKFLAGS   = -O3


 Please send feedbacks and/or the results of this run to:

 NPB Development Team
 npb@nas.nasa.gov




 NAS Parallel Benchmarks 3.3 -- IS Benchmark

 Size:  134217728  (class C)
 Iterations:   10
 Number of processes:     8

   iteration
        1
        2
        3
        4
        5
        6
        7
        8
        9
        10


 IS Benchmark Completed
 Class           =                        C
 Size            =                134217728
 Iterations      =                       10
 Time in seconds =                     2.03
 Total processes =                        8
 Compiled procs  =                        8
 Mop/s total     =                   660.58
 Mop/s/process   =                    82.57
 Operation type  =              keys ranked
 Verification    =               SUCCESSFUL
 Version         =                    3.3.1
 Compile date    =              07 Mar 2012

 Compile options:
    MPICC        = mpicc
    CLINK        = $(MPICC)
    CMPI_LIB     = -L/usr/local/lib -lmpi
    CMPI_INC     = -I/usr/local/include
    CFLAGS       = -O3
    CLINKFLAGS   = -O3


 Please send feedbacks and/or the results of this run to:

 NPB Development Team
 npb@nas.nasa.gov




 NAS Parallel Benchmarks 3.3 -- IS Benchmark

 Size:  134217728  (class C)
 Iterations:   10
 Number of processes:     16

   iteration
        1
        2
        3
        4
        5
        6
        7
        8
        9
        10


 IS Benchmark Completed
 Class           =                        C
 Size            =                134217728
 Iterations      =                       10
 Time in seconds =                     1.43
 Total processes =                       16
 Compiled procs  =                       16
 Mop/s total     =                   940.27
 Mop/s/process   =                    58.77
 Operation type  =              keys ranked
 Verification    =               SUCCESSFUL
 Version         =                    3.3.1
 Compile date    =              07 Mar 2012

 Compile options:
    MPICC        = mpicc
    CLINK        = $(MPICC)
    CMPI_LIB     = -L/usr/local/lib -lmpi
    CMPI_INC     = -I/usr/local/include
    CFLAGS       = -O3
    CLINKFLAGS   = -O3


 Please send feedbacks and/or the results of this run to:

 NPB Development Team
 npb@nas.nasa.gov




 NAS Parallel Benchmarks 3.3 -- IS Benchmark

 Size:  134217728  (class C)
 Iterations:   10
 Number of processes:     32

   iteration
        1
        2
        3
        4
        5
        6
        7
        8
        9
        10


 IS Benchmark Completed
 Class           =                        C
 Size            =                134217728
 Iterations      =                       10
 Time in seconds =                     1.14
 Total processes =                       32
 Compiled procs  =                       32
 Mop/s total     =                  1178.68
 Mop/s/process   =                    36.83
 Operation type  =              keys ranked
 Verification    =               SUCCESSFUL
 Version         =                    3.3.1
 Compile date    =              07 Mar 2012

 Compile options:
    MPICC        = mpicc
    CLINK        = $(MPICC)
    CMPI_LIB     = -L/usr/local/lib -lmpi
    CMPI_INC     = -I/usr/local/include
    CFLAGS       = -O3
    CLINKFLAGS   = -O3


 Please send feedbacks and/or the results of this run to:

 NPB Development Team
 npb@nas.nasa.gov




 NAS Parallel Benchmarks 3.3 -- IS Benchmark

 Size:  134217728  (class C)
 Iterations:   10
 Number of processes:     48

 ERROR: compiled for 32 processes
 Number of active processes: 48
 Exiting program!

8
1
2
3
4
5
6
7
8


 NAS Parallel Benchmarks 3.3 -- IS Benchmark

 Size:  134217728  (class C)
 Iterations:   10
 Number of processes:     8

   iteration
        1
        2
        3
        4
        5
        6
        7
        8
        9
        10


 IS Benchmark Completed
 Class           =                        C
 Size            =                134217728
 Iterations      =                       10
 Time in seconds =                     1.84
 Total processes =                        8
 Compiled procs  =                        8
 Mop/s total     =                   730.65
 Mop/s/process   =                    91.33
 Operation type  =              keys ranked
 Verification    =               SUCCESSFUL
 Version         =                    3.3.1
 Compile date    =              07 Mar 2012

 Compile options:
    MPICC        = mpicc
    CLINK        = $(MPICC)
    CMPI_LIB     = -L/usr/local/lib -lmpi
    CMPI_INC     = -I/usr/local/include
    CFLAGS       = -O3
    CLINKFLAGS   = -O3


 Please send feedbacks and/or the results of this run to:

 NPB Development Team
 npb@nas.nasa.gov




 NAS Parallel Benchmarks 3.3 -- IS Benchmark

 Size:  134217728  (class C)
 Iterations:   10
 Number of processes:     16

   iteration
        1
        2
        3
        4
        5
        6
        7
        8
        9
        10


 IS Benchmark Completed
 Class           =                        C
 Size            =                134217728
 Iterations      =                       10
 Time in seconds =                     1.14
 Total processes =                       16
 Compiled procs  =                       16
 Mop/s total     =                  1175.73
 Mop/s/process   =                    73.48
 Operation type  =              keys ranked
 Verification    =               SUCCESSFUL
 Version         =                    3.3.1
 Compile date    =              07 Mar 2012

 Compile options:
    MPICC        = mpicc
    CLINK        = $(MPICC)
    CMPI_LIB     = -L/usr/local/lib -lmpi
    CMPI_INC     = -I/usr/local/include
    CFLAGS       = -O3
    CLINKFLAGS   = -O3


 Please send feedbacks and/or the results of this run to:

 NPB Development Team
 npb@nas.nasa.gov




 NAS Parallel Benchmarks 3.3 -- IS Benchmark

 Size:  134217728  (class C)
 Iterations:   10
 Number of processes:     32

   iteration
        1
        2
        3
        4
        5
        6
        7
        8
        9
        10


 IS Benchmark Completed
 Class           =                        C
 Size            =                134217728
 Iterations      =                       10
 Time in seconds =                     0.82
 Total processes =                       32
 Compiled procs  =                       32
 Mop/s total     =                  1627.10
 Mop/s/process   =                    50.85
 Operation type  =              keys ranked
 Verification    =               SUCCESSFUL
 Version         =                    3.3.1
 Compile date    =              07 Mar 2012

 Compile options:
    MPICC        = mpicc
    CLINK        = $(MPICC)
    CMPI_LIB     = -L/usr/local/lib -lmpi
    CMPI_INC     = -I/usr/local/include
    CFLAGS       = -O3
    CLINKFLAGS   = -O3


 Please send feedbacks and/or the results of this run to:

 NPB Development Team
 npb@nas.nasa.gov




 NAS Parallel Benchmarks 3.3 -- IS Benchmark

 Size:  134217728  (class C)
 Iterations:   10
 Number of processes:     64

   iteration
        1
        2
        3
        4
        5
        6
        7
        8
        9
        10


 IS Benchmark Completed
 Class           =                        C
 Size            =                134217728
 Iterations      =                       10
 Time in seconds =                     0.76
 Total processes =                       64
 Compiled procs  =                       64
 Mop/s total     =                  1775.61
 Mop/s/process   =                    27.74
 Operation type  =              keys ranked
 Verification    =               SUCCESSFUL
 Version         =                    3.3.1
 Compile date    =              07 Mar 2012

 Compile options:
    MPICC        = mpicc
    CLINK        = $(MPICC)
    CMPI_LIB     = -L/usr/local/lib -lmpi
    CMPI_INC     = -I/usr/local/include
    CFLAGS       = -O3
    CLINKFLAGS   = -O3


 Please send feedbacks and/or the results of this run to:

 NPB Development Team
 npb@nas.nasa.gov




 NAS Parallel Benchmarks 3.3 -- IS Benchmark

 Size:  134217728  (class C)
 Iterations:   10
 Number of processes:     96

 ERROR: compiled for 64 processes
 Number of active processes: 96
 Exiting program!

16
1
2
3
4
5
6
7
8
9
10
11
12
13
14
15
16


 NAS Parallel Benchmarks 3.3 -- IS Benchmark

 Size:  134217728  (class C)
 Iterations:   10
 Number of processes:     16

   iteration
        1
        2
        3
        4
        5
        6
        7
        8
        9
        10


 IS Benchmark Completed
 Class           =                        C
 Size            =                134217728
 Iterations      =                       10
 Time in seconds =                     1.01
 Total processes =                       16
 Compiled procs  =                       16
 Mop/s total     =                  1326.93
 Mop/s/process   =                    82.93
 Operation type  =              keys ranked
 Verification    =               SUCCESSFUL
 Version         =                    3.3.1
 Compile date    =              07 Mar 2012

 Compile options:
    MPICC        = mpicc
    CLINK        = $(MPICC)
    CMPI_LIB     = -L/usr/local/lib -lmpi
    CMPI_INC     = -I/usr/local/include
    CFLAGS       = -O3
    CLINKFLAGS   = -O3


 Please send feedbacks and/or the results of this run to:

 NPB Development Team
 npb@nas.nasa.gov




 NAS Parallel Benchmarks 3.3 -- IS Benchmark

 Size:  134217728  (class C)
 Iterations:   10
 Number of processes:     32

   iteration
        1
        2
        3
        4
        5
        6
        7
        8
        9
        10


 IS Benchmark Completed
 Class           =                        C
 Size            =                134217728
 Iterations      =                       10
 Time in seconds =                     0.64
 Total processes =                       32
 Compiled procs  =                       32
 Mop/s total     =                  2095.98
 Mop/s/process   =                    65.50
 Operation type  =              keys ranked
 Verification    =               SUCCESSFUL
 Version         =                    3.3.1
 Compile date    =              07 Mar 2012

 Compile options:
    MPICC        = mpicc
    CLINK        = $(MPICC)
    CMPI_LIB     = -L/usr/local/lib -lmpi
    CMPI_INC     = -I/usr/local/include
    CFLAGS       = -O3
    CLINKFLAGS   = -O3


 Please send feedbacks and/or the results of this run to:

 NPB Development Team
 npb@nas.nasa.gov




 NAS Parallel Benchmarks 3.3 -- IS Benchmark

 Size:  134217728  (class C)
 Iterations:   10
 Number of processes:     64

   iteration
        1
        2
        3
        4
        5
        6
        7
        8
        9
        10


 IS Benchmark Completed
 Class           =                        C
 Size            =                134217728
 Iterations      =                       10
 Time in seconds =                     0.53
 Total processes =                       64
 Compiled procs  =                       64
 Mop/s total     =                  2538.17
 Mop/s/process   =                    39.66
 Operation type  =              keys ranked
 Verification    =               SUCCESSFUL
 Version         =                    3.3.1
 Compile date    =              07 Mar 2012

 Compile options:
    MPICC        = mpicc
    CLINK        = $(MPICC)
    CMPI_LIB     = -L/usr/local/lib -lmpi
    CMPI_INC     = -I/usr/local/include
    CFLAGS       = -O3
    CLINKFLAGS   = -O3


 Please send feedbacks and/or the results of this run to:

 NPB Development Team
 npb@nas.nasa.gov




 NAS Parallel Benchmarks 3.3 -- IS Benchmark

 Size:  134217728  (class C)
 Iterations:   10
 Number of processes:     128

   iteration
        1
        2
        3
        4
        5
        6
        7
        8
        9
        10


 IS Benchmark Completed
 Class           =                        C
 Size            =                134217728
 Iterations      =                       10
 Time in seconds =                     0.67
 Total processes =                      128
 Compiled procs  =                      128
 Mop/s total     =                  1999.36
 Mop/s/process   =                    15.62
 Operation type  =              keys ranked
 Verification    =               SUCCESSFUL
 Version         =                    3.3.1
 Compile date    =              07 Mar 2012

 Compile options:
    MPICC        = mpicc
    CLINK        = $(MPICC)
    CMPI_LIB     = -L/usr/local/lib -lmpi
    CMPI_INC     = -I/usr/local/include
    CFLAGS       = -O3
    CLINKFLAGS   = -O3


 Please send feedbacks and/or the results of this run to:

 NPB Development Team
 npb@nas.nasa.gov




 NAS Parallel Benchmarks 3.3 -- IS Benchmark

 Size:  134217728  (class C)
 Iterations:   10
 Number of processes:     192

 ERROR: compiled for 128 processes
 Number of active processes: 192
 Exiting program!

32
1
2
3
4
5
6
7
8
9
10
11
12
13
14
15
16
17
18
19
20
21
22
23
24
25
26
27
28
29
30
31
32


 NAS Parallel Benchmarks 3.3 -- IS Benchmark

 Size:  134217728  (class C)
 Iterations:   10
 Number of processes:     32

   iteration
        1
        2
        3
        4
        5
        6
        7
        8
        9
        10


 IS Benchmark Completed
 Class           =                        C
 Size            =                134217728
 Iterations      =                       10
 Time in seconds =                     0.56
 Total processes =                       32
 Compiled procs  =                       32
 Mop/s total     =                  2408.56
 Mop/s/process   =                    75.27
 Operation type  =              keys ranked
 Verification    =               SUCCESSFUL
 Version         =                    3.3.1
 Compile date    =              07 Mar 2012

 Compile options:
    MPICC        = mpicc
    CLINK        = $(MPICC)
    CMPI_LIB     = -L/usr/local/lib -lmpi
    CMPI_INC     = -I/usr/local/include
    CFLAGS       = -O3
    CLINKFLAGS   = -O3


 Please send feedbacks and/or the results of this run to:

 NPB Development Team
 npb@nas.nasa.gov




 NAS Parallel Benchmarks 3.3 -- IS Benchmark

 Size:  134217728  (class C)
 Iterations:   10
 Number of processes:     64

   iteration
        1
        2
        3
        4
        5
        6
        7
        8
        9
        10


 IS Benchmark Completed
 Class           =                        C
 Size            =                134217728
 Iterations      =                       10
 Time in seconds =                     0.40
 Total processes =                       64
 Compiled procs  =                       64
 Mop/s total     =                  3382.25
 Mop/s/process   =                    52.85
 Operation type  =              keys ranked
 Verification    =               SUCCESSFUL
 Version         =                    3.3.1
 Compile date    =              07 Mar 2012

 Compile options:
    MPICC        = mpicc
    CLINK        = $(MPICC)
    CMPI_LIB     = -L/usr/local/lib -lmpi
    CMPI_INC     = -I/usr/local/include
    CFLAGS       = -O3
    CLINKFLAGS   = -O3


 Please send feedbacks and/or the results of this run to:

 NPB Development Team
 npb@nas.nasa.gov




 NAS Parallel Benchmarks 3.3 -- IS Benchmark

 Size:  134217728  (class C)
 Iterations:   10
 Number of processes:     128

   iteration
        1
        2
        3
        4
        5
        6
        7
        8
        9
        10


 IS Benchmark Completed
 Class           =                        C
 Size            =                134217728
 Iterations      =                       10
 Time in seconds =                     0.39
 Total processes =                      128
 Compiled procs  =                      128
 Mop/s total     =                  3405.20
 Mop/s/process   =                    26.60
 Operation type  =              keys ranked
 Verification    =               SUCCESSFUL
 Version         =                    3.3.1
 Compile date    =              07 Mar 2012

 Compile options:
    MPICC        = mpicc
    CLINK        = $(MPICC)
    CMPI_LIB     = -L/usr/local/lib -lmpi
    CMPI_INC     = -I/usr/local/include
    CFLAGS       = -O3
    CLINKFLAGS   = -O3


 Please send feedbacks and/or the results of this run to:

 NPB Development Team
 npb@nas.nasa.gov




 NAS Parallel Benchmarks 3.3 -- IS Benchmark

 Size:  134217728  (class C)
 Iterations:   10
 Number of processes:     256

   iteration
        1
        2
        3
        4
        5
        6
        7
        8
        9
        10


 IS Benchmark Completed
 Class           =                        C
 Size            =                134217728
 Iterations      =                       10
 Time in seconds =                     0.36
 Total processes =                      256
 Compiled procs  =                      256
 Mop/s total     =                  3764.00
 Mop/s/process   =                    14.70
 Operation type  =              keys ranked
 Verification    =               SUCCESSFUL
 Version         =                    3.3.1
 Compile date    =              07 Mar 2012

 Compile options:
    MPICC        = mpicc
    CLINK        = $(MPICC)
    CMPI_LIB     = -L/usr/local/lib -lmpi
    CMPI_INC     = -I/usr/local/include
    CFLAGS       = -O3
    CLINKFLAGS   = -O3


 Please send feedbacks and/or the results of this run to:

 NPB Development Team
 npb@nas.nasa.gov




 NAS Parallel Benchmarks 3.3 -- IS Benchmark

 Size:  134217728  (class C)
 Iterations:   10
 Number of processes:     384

 ERROR: compiled for 256 processes
 Number of active processes: 384
 Exiting program!

----------------------------------------
Begin Batch Job Epilogue Fri Mar  9 01:48:51 EST 2012
Job ID:           63521.owlsnest1.nfs
Username:         tub51722
Group:            stdcis
Job Name:         is.C
Session:          12491
Limits:           neednodes=32:ppn=12,nodes=32:ppn=12,walltime=02:00:00
Resources:        cput=00:17:54,mem=546104kb,vmem=21123736kb,walltime=00:01:51
Queue:            normal
Account:          
End Batch Job Epilogue Fri Mar  9 01:49:11 EST 2012
----------------------------------------
