----------------------------------------
Begin Batch Job Prologue Wed Mar 14 14:42:48 EST 2012
Job ID:           64861.owlsnest1.nfs
Username:         tub51722
Group:            stdcis
Job Name:         MZ.CD.step2
Resources List:   neednodes=25:ppn=12,nodes=25:ppn=12,walltime=03:00:00
Queue:            normal
Account:          
Nodes:            w019 w020 w022 w023 w024 w025 w026 w027 w028 w045 w046 w047 w054 w056 w057 w058 w059 w060 w061 w062 w063 w064 w065 w066 w067 
End Batch Job Prologue Wed Mar 14 14:42:49 EST 2012
----------------------------------------
/home/tub51722/nmz/bin
4
1
2
3
4


 NAS Parallel Benchmarks (NPB3.1-MZ-MPI) - LU-MZ MPI+OpenMP Benchmark

 Number of zones:  4  x   4
 Iterations: 250    dt:   2.000000
 Number of active processes:    4

 Use the default load factors with threads
  proc    0  num_threads =   1  group =   0
  proc    1  num_threads =   1  group =   0
  proc    2  num_threads =   1  group =   0
  proc    3  num_threads =   1  group =   0
 Total number of threads:      4

 Zone sizes:
   1:    120 x   80 x   28
   2:    120 x   80 x   28
   3:    120 x   80 x   28
   4:    120 x   80 x   28
   5:    120 x   80 x   28
   6:    120 x   80 x   28
   7:    120 x   80 x   28
   8:    120 x   80 x   28
   9:    120 x   80 x   28
  10:    120 x   80 x   28
  11:    120 x   80 x   28
  12:    120 x   80 x   28
  13:    120 x   80 x   28
  14:    120 x   80 x   28
  15:    120 x   80 x   28
  16:    120 x   80 x   28
 Zone-process mapping:
 proc nzones zone_size nthreads size_per_thread
   0      4    1075200      1      1075200
   zone    1    268800
   zone    5    268800
   zone    9    268800
   zone   13    268800
   1      4    1075200      1      1075200
   zone    2    268800
   zone    6    268800
   zone   10    268800
   zone   14    268800
   2      4    1075200      1      1075200
   zone    3    268800
   zone    7    268800
   zone   11    268800
   zone   15    268800
   3      4    1075200      1      1075200
   zone    4    268800
   zone    8    268800
   zone   12    268800
   zone   16    268800

 Calculated speedup =     4.00

 Time step    1
 Time step   20
 Time step   40
 Time step   60
 Time step   80
 Time step  100
 Time step  120
 Time step  140
 Time step  160
 Time step  180
 Time step  200
 Time step  220
 Time step  240
 Time step  250

 Verification being performed for class C
 Accuracy setting for epsilon =  0.1000000000000E-07
 Comparison of RMS-norms of residual
           1   0.4108743427233E+05 0.4108743427233E+05 0.9208406478482E-13
           2   0.3439004802235E+04 0.3439004802235E+04 0.9005016385915E-13
           3   0.9961331392486E+04 0.9961331392486E+04 0.2939941283269E-13
           4   0.8321426758084E+04 0.8321426758084E+04 0.2076614964723E-13
           5   0.7463792419218E+05 0.7463792419218E+05 0.3041481659887E-13
 Comparison of RMS-norms of solution error
           1   0.3429276307954E+04 0.3429276307955E+04 0.1475920153656E-12
           2   0.2336680861825E+03 0.2336680861825E+03 0.8295358663740E-13
           3   0.8216363109621E+03 0.8216363109621E+03 0.2006312434066E-13
           4   0.7143809828225E+03 0.7143809828225E+03 0.1320864882715E-13
           5   0.7057470798773E+04 0.7057470798773E+04 0.2654717446338E-13
 Comparison of surface integral
               0.1125826349653E+05 0.1125826349653E+05 0.1765952110366E-12
 Verification Successful


 LU-MZ Benchmark Completed.
 Class           =                        C
 Size            =             480x 320x 28
 Iterations      =                      250
 Time in seconds =                   164.90
 Total processes =                        4
 Total threads   =                        4
 Mop/s total     =                 11646.69
 Mop/s/thread    =                  2911.67
 Operation type  =           floating point
 Verification    =               SUCCESSFUL
 Version         =                      3.1
 Compile date    =              14 Mar 2012

 Compile options:
    F77          = mpif77 
    FLINK        = $(F77)
    F_LIB        = -lmpi
    F_INC        = (none)
    FFLAGS       = -O3 --openmp 
    FLINKFLAGS   = -O3 --openmp 
    RAND         = (none)


 Please send all errors/feedbacks to:

 NPB Development Team
 npb@nas.nasa.gov




 NAS Parallel Benchmarks (NPB3.1-MZ-MPI) - LU-MZ MPI+OpenMP Benchmark

 Number of zones:  4  x   4
 Iterations: 250    dt:   2.000000
 Number of active processes:    4

 Use the default load factors with threads
  proc    0  num_threads =   2  group =   0
  proc    1  num_threads =   2  group =   0
  proc    2  num_threads =   2  group =   0
  proc    3  num_threads =   2  group =   0
 Total number of threads:      8

 Zone sizes:
   1:    120 x   80 x   28
   2:    120 x   80 x   28
   3:    120 x   80 x   28
   4:    120 x   80 x   28
   5:    120 x   80 x   28
   6:    120 x   80 x   28
   7:    120 x   80 x   28
   8:    120 x   80 x   28
   9:    120 x   80 x   28
  10:    120 x   80 x   28
  11:    120 x   80 x   28
  12:    120 x   80 x   28
  13:    120 x   80 x   28
  14:    120 x   80 x   28
  15:    120 x   80 x   28
  16:    120 x   80 x   28
 Zone-process mapping:
 proc nzones zone_size nthreads size_per_thread
   0      4    1075200      2       537600
   zone    1    268800
   zone    5    268800
   zone    9    268800
   zone   13    268800
   1      4    1075200      2       537600
   zone    2    268800
   zone    6    268800
   zone   10    268800
   zone   14    268800
   2      4    1075200      2       537600
   zone    3    268800
   zone    7    268800
   zone   11    268800
   zone   15    268800
   3      4    1075200      2       537600
   zone    4    268800
   zone    8    268800
   zone   12    268800
   zone   16    268800

 Calculated speedup =     8.00

 Time step    1
 Time step   20
 Time step   40
 Time step   60
 Time step   80
 Time step  100
 Time step  120
 Time step  140
 Time step  160
 Time step  180
 Time step  200
 Time step  220
 Time step  240
 Time step  250

 Verification being performed for class C
 Accuracy setting for epsilon =  0.1000000000000E-07
 Comparison of RMS-norms of residual
           1   0.4108743427233E+05 0.4108743427233E+05 0.9633409854412E-13
           2   0.3439004802235E+04 0.3439004802235E+04 0.8502533826936E-13
           3   0.9961331392486E+04 0.9961331392486E+04 0.2903420273538E-13
           4   0.8321426758084E+04 0.8321426758084E+04 0.1836164810913E-13
           5   0.7463792419218E+05 0.7463792419218E+05 0.2300607922222E-13
 Comparison of RMS-norms of solution error
           1   0.3429276307955E+04 0.3429276307955E+04 0.1377790691508E-12
           2   0.2336680861825E+03 0.2336680861825E+03 0.7115520261419E-13
           3   0.8216363109621E+03 0.8216363109621E+03 0.1300643922774E-13
           4   0.7143809828225E+03 0.7143809828225E+03 0.1289036813252E-13
           5   0.7057470798773E+04 0.7057470798773E+04 0.3505257987397E-13
 Comparison of surface integral
               0.1125826349653E+05 0.1125826349653E+05 0.1764336417676E-12
 Verification Successful


 LU-MZ Benchmark Completed.
 Class           =                        C
 Size            =             480x 320x 28
 Iterations      =                      250
 Time in seconds =                  1242.15
 Total processes =                        4
 Total threads   =                        8
 Mop/s total     =                  1546.12
 Mop/s/thread    =                   193.27
 Operation type  =           floating point
 Verification    =               SUCCESSFUL
 Version         =                      3.1
 Compile date    =              14 Mar 2012

 Compile options:
    F77          = mpif77 
    FLINK        = $(F77)
    F_LIB        = -lmpi
    F_INC        = (none)
    FFLAGS       = -O3 --openmp 
    FLINKFLAGS   = -O3 --openmp 
    RAND         = (none)


 Please send all errors/feedbacks to:

 NPB Development Team
 npb@nas.nasa.gov




 NAS Parallel Benchmarks (NPB3.1-MZ-MPI) - LU-MZ MPI+OpenMP Benchmark

 Number of zones:  4  x   4
 Iterations: 250    dt:   2.000000
 Number of active processes:    4

 Use the default load factors with threads
  proc    0  num_threads =   4  group =   0
  proc    1  num_threads =   4  group =   0
  proc    2  num_threads =   4  group =   0
  proc    3  num_threads =   4  group =   0
 Total number of threads:     16

 Zone sizes:
   1:    120 x   80 x   28
   2:    120 x   80 x   28
   3:    120 x   80 x   28
   4:    120 x   80 x   28
   5:    120 x   80 x   28
   6:    120 x   80 x   28
   7:    120 x   80 x   28
   8:    120 x   80 x   28
   9:    120 x   80 x   28
  10:    120 x   80 x   28
  11:    120 x   80 x   28
  12:    120 x   80 x   28
  13:    120 x   80 x   28
  14:    120 x   80 x   28
  15:    120 x   80 x   28
  16:    120 x   80 x   28
 Zone-process mapping:
 proc nzones zone_size nthreads size_per_thread
   0      4    1075200      4       268800
   zone    1    268800
   zone    5    268800
   zone    9    268800
   zone   13    268800
   1      4    1075200      4       268800
   zone    2    268800
   zone    6    268800
   zone   10    268800
   zone   14    268800
   2      4    1075200      4       268800
   zone    3    268800
   zone    7    268800
   zone   11    268800
   zone   15    268800
   3      4    1075200      4       268800
   zone    4    268800
   zone    8    268800
   zone   12    268800
   zone   16    268800

 Calculated speedup =    16.00

 Time step    1
 Time step   20
 Time step   40
 Time step   60
 Time step   80
 Time step  100
 Time step  120
 Time step  140
 Time step  160
 Time step  180
 Time step  200
 Time step  220
 Time step  240
 Time step  250

 Verification being performed for class C
 Accuracy setting for epsilon =  0.1000000000000E-07
 Comparison of RMS-norms of residual
           1   0.4108743427233E+05 0.4108743427233E+05 0.9863620016374E-13
           2   0.3439004802235E+04 0.3439004802235E+04 0.8330631898865E-13
           3   0.9961331392486E+04 0.9961331392486E+04 0.3268630370839E-13
           4   0.8321426758084E+04 0.8321426758084E+04 0.2535656167452E-13
           5   0.7463792419218E+05 0.7463792419218E+05 0.1813190989548E-13
 Comparison of RMS-norms of solution error
           1   0.3429276307955E+04 0.3429276307955E+04 0.1404312167764E-12
           2   0.2336680861825E+03 0.2336680861825E+03 0.7857480493807E-13
           3   0.8216363109621E+03 0.8216363109621E+03 0.1148440910534E-13
           4   0.7143809828225E+03 0.7143809828225E+03 0.1241294709057E-13
           5   0.7057470798773E+04 0.7057470798773E+04 0.3260405407395E-13
 Comparison of surface integral
               0.1125826349653E+05 0.1125826349653E+05 0.1761105032296E-12
 Verification Successful


 LU-MZ Benchmark Completed.
 Class           =                        C
 Size            =             480x 320x 28
 Iterations      =                      250
 Time in seconds =                  2026.92
 Total processes =                        4
 Total threads   =                       16
 Mop/s total     =                   947.50
 Mop/s/thread    =                    59.22
 Operation type  =           floating point
 Verification    =               SUCCESSFUL
 Version         =                      3.1
 Compile date    =              14 Mar 2012

 Compile options:
    F77          = mpif77 
    FLINK        = $(F77)
    F_LIB        = -lmpi
    F_INC        = (none)
    FFLAGS       = -O3 --openmp 
    FLINKFLAGS   = -O3 --openmp 
    RAND         = (none)


 Please send all errors/feedbacks to:

 NPB Development Team
 npb@nas.nasa.gov




 NAS Parallel Benchmarks (NPB3.1-MZ-MPI) - LU-MZ MPI+OpenMP Benchmark

 Number of zones:  4  x   4
 Iterations: 250    dt:   2.000000
 Number of active processes:    4

 Use the default load factors with threads
  proc    0  num_threads =   8  group =   0
  proc    1  num_threads =   8  group =   0
  proc    2  num_threads =   8  group =   0
  proc    3  num_threads =   8  group =   0
 Total number of threads:     32

 Zone sizes:
   1:    120 x   80 x   28
   2:    120 x   80 x   28
   3:    120 x   80 x   28
   4:    120 x   80 x   28
   5:    120 x   80 x   28
   6:    120 x   80 x   28
   7:    120 x   80 x   28
   8:    120 x   80 x   28
   9:    120 x   80 x   28
  10:    120 x   80 x   28
  11:    120 x   80 x   28
  12:    120 x   80 x   28
  13:    120 x   80 x   28
  14:    120 x   80 x   28
  15:    120 x   80 x   28
  16:    120 x   80 x   28
 Zone-process mapping:
 proc nzones zone_size nthreads size_per_thread
   0      4    1075200      8       134400
   zone    1    268800
   zone    5    268800
   zone    9    268800
   zone   13    268800
   1      4    1075200      8       134400
   zone    2    268800
   zone    6    268800
   zone   10    268800
   zone   14    268800
   2      4    1075200      8       134400
   zone    3    268800
   zone    7    268800
   zone   11    268800
   zone   15    268800
   3      4    1075200      8       134400
   zone    4    268800
   zone    8    268800
   zone   12    268800
   zone   16    268800

 Calculated speedup =    32.00

 Time step    1
 Time step   20
 Time step   40
 Time step   60
 Time step   80
 Time step  100
 Time step  120
 Time step  140
 Time step  160
 Time step  180
 Time step  200
 Time step  220
 Time step  240
 Time step  250

 Verification being performed for class C
 Accuracy setting for epsilon =  0.1000000000000E-07
 Comparison of RMS-norms of residual
           1   0.4108743427233E+05 0.4108743427233E+05 0.9828203068380E-13
           2   0.3439004802235E+04 0.3439004802235E+04 0.8555426727882E-13
           3   0.9961331392486E+04 0.9961331392486E+04 0.3086025322189E-13
           4   0.8321426758084E+04 0.8321426758084E+04 0.2295206013641E-13
           5   0.7463792419218E+05 0.7463792419218E+05 0.1676714248399E-13
 Comparison of RMS-norms of solution error
           1   0.3429276307955E+04 0.3429276307955E+04 0.1430833644021E-12
           2   0.2336680861825E+03 0.2336680861825E+03 0.7784500798818E-13
           3   0.8216363109621E+03 0.8216363109621E+03 0.1231460735392E-13
           4   0.7143809828225E+03 0.7143809828225E+03 0.1225380674326E-13
           5   0.7057470798773E+04 0.7057470798773E+04 0.3234631451606E-13
 Comparison of surface integral
               0.1125826349653E+05 0.1125826349653E+05 0.1759489339606E-12
 Verification Successful


 LU-MZ Benchmark Completed.
 Class           =                        C
 Size            =             480x 320x 28
 Iterations      =                      250
 Time in seconds =                  2866.01
 Total processes =                        4
 Total threads   =                       32
 Mop/s total     =                   670.10
 Mop/s/thread    =                    20.94
 Operation type  =           floating point
 Verification    =               SUCCESSFUL
 Version         =                      3.1
 Compile date    =              14 Mar 2012

 Compile options:
    F77          = mpif77 
    FLINK        = $(F77)
    F_LIB        = -lmpi
    F_INC        = (none)
    FFLAGS       = -O3 --openmp 
    FLINKFLAGS   = -O3 --openmp 
    RAND         = (none)


 Please send all errors/feedbacks to:

 NPB Development Team
 npb@nas.nasa.gov




 NAS Parallel Benchmarks (NPB3.1-MZ-MPI) - LU-MZ MPI+OpenMP Benchmark

 Number of zones:  4  x   4
 Iterations: 250    dt:   2.000000
 Number of active processes:    4

 Use the default load factors with threads
  proc    0  num_threads =  12  group =   0
  proc    1  num_threads =  12  group =   0
  proc    2  num_threads =  12  group =   0
  proc    3  num_threads =  12  group =   0
 Total number of threads:     48

 Zone sizes:
   1:    120 x   80 x   28
   2:    120 x   80 x   28
   3:    120 x   80 x   28
   4:    120 x   80 x   28
   5:    120 x   80 x   28
   6:    120 x   80 x   28
   7:    120 x   80 x   28
   8:    120 x   80 x   28
   9:    120 x   80 x   28
  10:    120 x   80 x   28
  11:    120 x   80 x   28
  12:    120 x   80 x   28
  13:    120 x   80 x   28
  14:    120 x   80 x   28
  15:    120 x   80 x   28
  16:    120 x   80 x   28
 Zone-process mapping:
 proc nzones zone_size nthreads size_per_thread
   0      4    1075200     12        89600
   zone    1    268800
   zone    5    268800
   zone    9    268800
   zone   13    268800
   1      4    1075200     12        89600
   zone    2    268800
   zone    6    268800
   zone   10    268800
   zone   14    268800
   2      4    1075200     12        89600
   zone    3    268800
   zone    7    268800
   zone   11    268800
   zone   15    268800
   3      4    1075200     12        89600
   zone    4    268800
   zone    8    268800
   zone   12    268800
   zone   16    268800

 Calculated speedup =    48.00

 Time step    1
 Time step   20
 Time step   40
 Time step   60
 Time step   80
 Time step  100
 Time step  120
 Time step  140
 Time step  160
 Time step  180
 Time step  200
 Time step  220
 Time step  240
 Time step  250

 Verification being performed for class C
 Accuracy setting for epsilon =  0.1000000000000E-07
 Comparison of RMS-norms of residual
           1   0.4108743427233E+05 0.4108743427233E+05 0.9881328490371E-13
           2   0.3439004802235E+04 0.3439004802235E+04 0.8396748025046E-13
           3   0.9961331392486E+04 0.9961331392486E+04 0.3232109361109E-13
           4   0.8321426758084E+04 0.8321426758084E+04 0.2229628698966E-13
           5   0.7463792419218E+05 0.7463792419218E+05 0.1696210925706E-13
 Comparison of RMS-norms of solution error
           1   0.3429276307955E+04 0.3429276307955E+04 0.1422877201144E-12
           2   0.2336680861825E+03 0.2336680861825E+03 0.7796664081316E-13
           3   0.8216363109621E+03 0.8216363109621E+03 0.1217624097916E-13
           4   0.7143809828225E+03 0.7143809828225E+03 0.1257208743789E-13
           5   0.7057470798773E+04 0.7057470798773E+04 0.3350614252659E-13
 Comparison of surface integral
               0.1125826349653E+05 0.1125826349653E+05 0.1761105032296E-12
 Verification Successful


 LU-MZ Benchmark Completed.
 Class           =                        C
 Size            =             480x 320x 28
 Iterations      =                      250
 Time in seconds =                  4340.75
 Total processes =                        4
 Total threads   =                       48
 Mop/s total     =                   442.44
 Mop/s/thread    =                     9.22
 Operation type  =           floating point
 Verification    =               SUCCESSFUL
 Version         =                      3.1
 Compile date    =              14 Mar 2012

 Compile options:
    F77          = mpif77 
    FLINK        = $(F77)
    F_LIB        = -lmpi
    F_INC        = (none)
    FFLAGS       = -O3 --openmp 
    FLINKFLAGS   = -O3 --openmp 
    RAND         = (none)


 Please send all errors/feedbacks to:

 NPB Development Team
 npb@nas.nasa.gov


9
1
2
3
4
5
6
7
8
9
16
1
2
3
4
5
6
7
8
9
10
11
12
13
14
15
16
25
1
2
3
4
5
6
7
8
9
10
11
12
13
14
15
16
9
1
2
3
4
5
6
7
8
9
16
1
2
3
4
5
6
7
8
9
10
11
12
13
14
15
16
25
1
2
3
4
5
6
7
8
9
10
11
12
13
14
15
16
9
1
2
3
4
5
6
7
8
9
16
1
2
3
4
5
6
7
8
9
10
11
12
13
14
15
16
25
1
2
3
4
5
6
7
8
9
10
11
12
13
14
15
16
9
1
2
3
4
5
6
7
8
9
16
1
2
3
4
5
6
7
8
9
10
11
12
13
14
15
16
----------------------------------------
Begin Batch Job Epilogue Wed Mar 14 17:41:08 EST 2012
Job ID:           64861.owlsnest1.nfs
Username:         tub51722
Group:            stdcis
Job Name:         MZ.CD.step2
Session:          27748
Limits:           neednodes=25:ppn=12,nodes=25:ppn=12,walltime=03:00:00
Resources:        cput=06:35:28,mem=803592kb,vmem=54773792kb,walltime=02:58:20
Queue:            normal
Account:          
End Batch Job Epilogue Wed Mar 14 17:41:29 EST 2012
----------------------------------------
