----------------------------------------
Begin Batch Job Prologue Tue Mar 13 15:21:22 EST 2012
Job ID:           64736.owlsnest1.nfs
Username:         tub51722
Group:            stdcis
Job Name:         MZ.D
Resources List:   neednodes=25:ppn=12,nodes=25:ppn=12,walltime=03:00:00
Queue:            normal
Account:          
Nodes:            w012 w013 w014 w015 w016 w017 w018 w035 w040 w041 w045 w046 w054 w056 w057 w058 w059 w060 w061 w062 w063 w064 w065 w066 w067 
End Batch Job Prologue Tue Mar 13 15:21:22 EST 2012
----------------------------------------
25
1
2
3
4
5
6
7
8
9
10
11
12
13
14
15
16
17
18
19
20
21
22
23
24
25
9
1
2
3
4
5
6
7
8
9
16
1
2
3
4
5
6
7
8
9
10
11
12
13
14
15
16
25
1
2
3
4
5
6
7
8
9
10
11
12
13
14
15
16
17
18
19
20
21
22
23
24
25
9
1
2
3
4
5
6
7
8
9
16
1
2
3
4
5
6
7
8
9
10
11
12
13
14
15
16
25
1
2
3
4
5
6
7
8
9
10
11
12
13
14
15
16
17
18
19
20
21
22
23
24
25
9
1
2
3
4
5
6
7
8
9
16
1
2
3
4
5
6
7
8
9
10
11
12
13
14
15
16
----------------------------------------
Begin Batch Job Epilogue Tue Mar 13 15:21:24 EST 2012
Job ID:           64736.owlsnest1.nfs
Username:         tub51722
Group:            stdcis
Job Name:         MZ.D
Session:          7637
Limits:           neednodes=25:ppn=12,nodes=25:ppn=12,walltime=03:00:00
Resources:        cput=00:00:00,mem=748kb,vmem=9440kb,walltime=00:00:02
Queue:            normal
Account:          
End Batch Job Epilogue Tue Mar 13 15:21:44 EST 2012
----------------------------------------
