----------------------------------------
Begin Batch Job Prologue Thu Mar  8 03:42:47 EST 2012
Job ID:           63286.owlsnest1.nfs
Username:         tub51722
Group:            stdcis
Job Name:         sp.bt.lu.C
Resources List:   neednodes=32:ppn=12,nodes=32:ppn=12,walltime=02:00:00
Queue:            normal
Account:          
Nodes:            w030 w031 w032 w033 w034 w035 w036 w037 w038 w039 w040 w041 w042 w043 w044 w055 w057 w058 w059 w060 w061 w062 w063 w064 w065 w066 w067 w068 w069 w070 w071 w072 
End Batch Job Prologue Thu Mar  8 03:42:47 EST 2012
----------------------------------------


 NAS Parallel Benchmarks 3.3 -- SP Benchmark

 No input file inputsp.data. Using compiled defaults
 Size:  162x 162x 162
 Iterations:  400    dt:   0.0006700
 Total number of processes:     2
 WARNING: compiled for     4 processes 
 Number of active processes:     1

           0           1         162         162         162
  Problem size too big for compiled array sizes


 NAS Parallel Benchmarks 3.3 -- SP Benchmark

 No input file inputsp.data. Using compiled defaults
 Size:  162x 162x 162
 Iterations:  400    dt:   0.0006700
 Total number of processes:     2
 WARNING: compiled for    16 processes 
 Number of active processes:     1

           0           1         162         162         162
  Problem size too big for compiled array sizes


 NAS Parallel Benchmarks 3.3 -- SP Benchmark

 No input file inputsp.data. Using compiled defaults
 Size:  162x 162x 162
 Iterations:  400    dt:   0.0006700
 Total number of processes:     2
 WARNING: compiled for    16 processes 
 Number of active processes:     1

           0           1         162         162         162
  Problem size too big for compiled array sizes


 NAS Parallel Benchmarks 3.3 -- SP Benchmark

 No input file inputsp.data. Using compiled defaults
 Size:  162x 162x 162
 Iterations:  400    dt:   0.0006700
 Number of active processes:     4

 Time step    1
 Time step   20
 Time step   40
 Time step   60
 Time step   80
 Time step  100
 Time step  120
 Time step  140
 Time step  160
 Time step  180
 Time step  200
 Time step  220
 Time step  240
 Time step  260
 Time step  280
 Time step  300
 Time step  320
 Time step  340
 Time step  360
 Time step  380
 Time step  400
 Verification being performed for class C
 accuracy setting for epsilon =  0.1000000000000E-07
 Comparison of RMS-norms of residual
           1 0.5881691581829E+03 0.5881691581829E+03 0.6726469583912E-13
           2 0.2454417603569E+03 0.2454417603569E+03 0.4608767610227E-13
           3 0.3293829191851E+03 0.3293829191851E+03 0.3537797556502E-13
           4 0.3081924971891E+03 0.3081924971891E+03 0.1392531668724E-12
           5 0.4597223799176E+03 0.4597223799176E+03 0.2720240017817E-13
 Comparison of RMS-norms of solution error
           1 0.2598120500183E+00 0.2598120500183E+00 0.1666539252407E-13
           2 0.2590888922315E-01 0.2590888922315E-01 0.1665834444332E-12
           3 0.5132886416320E-01 0.5132886416320E-01 0.4014995311231E-13
           4 0.4806073419454E-01 0.4806073419454E-01 0.2454419357993E-14
           5 0.5483377491301E+00 0.5483377491301E+00 0.7066225810805E-13
 Verification Successful


 SP Benchmark Completed.
 Class           =                        C
 Size            =            162x 162x 162
 Iterations      =                      400
 Time in seconds =                   261.22
 Total processes =                        4
 Compiled procs  =                        4
 Mop/s total     =                  5551.20
 Mop/s/process   =                  1387.80
 Operation type  =           floating point
 Verification    =               SUCCESSFUL
 Version         =                    3.3.1
 Compile date    =              07 Mar 2012

 Compile options:
    MPIF77       = mpif77
    FLINK        = $(MPIF77)
    FMPI_LIB     = -L/usr/local/lib -lmpi
    FMPI_INC     = -I/usr/local/include
    FFLAGS       = -O3  -mcmodel=large
    FLINKFLAGS   = -O3
    RAND         = (none)


 Please send feedbacks and/or the results of this run to:

 NPB Development Team 
 Internet: npb@nas.nasa.gov




 NAS Parallel Benchmarks 3.3 -- SP Benchmark

 No input file inputsp.data. Using compiled defaults
 Size:  162x 162x 162
 Iterations:  400    dt:   0.0006700
 Number of active processes:     4

 Time step    1
 Time step   20
 Time step   40
 Time step   60
 Time step   80
 Time step  100
 Time step  120
 Time step  140
 Time step  160
 Time step  180
 Time step  200
 Time step  220
 Time step  240
 Time step  260
 Time step  280
 Time step  300
 Time step  320
 Time step  340
 Time step  360
 Time step  380
 Time step  400
 Verification being performed for class C
 accuracy setting for epsilon =  0.1000000000000E-07
 Comparison of RMS-norms of residual
           1 0.5881691581829E+03 0.5881691581829E+03 0.6726469583912E-13
           2 0.2454417603569E+03 0.2454417603569E+03 0.4608767610227E-13
           3 0.3293829191851E+03 0.3293829191851E+03 0.3537797556502E-13
           4 0.3081924971891E+03 0.3081924971891E+03 0.1392531668724E-12
           5 0.4597223799176E+03 0.4597223799176E+03 0.2720240017817E-13
 Comparison of RMS-norms of solution error
           1 0.2598120500183E+00 0.2598120500183E+00 0.1666539252407E-13
           2 0.2590888922315E-01 0.2590888922315E-01 0.1665834444332E-12
           3 0.5132886416320E-01 0.5132886416320E-01 0.4014995311231E-13
           4 0.4806073419454E-01 0.4806073419454E-01 0.2454419357993E-14
           5 0.5483377491301E+00 0.5483377491301E+00 0.7066225810805E-13
 Verification Successful


 SP Benchmark Completed.
 Class           =                        C
 Size            =            162x 162x 162
 Iterations      =                      400
 Time in seconds =                   263.26
 Total processes =                        4
 Compiled procs  =                        4
 Mop/s total     =                  5508.22
 Mop/s/process   =                  1377.05
 Operation type  =           floating point
 Verification    =               SUCCESSFUL
 Version         =                    3.3.1
 Compile date    =              07 Mar 2012

 Compile options:
    MPIF77       = mpif77
    FLINK        = $(MPIF77)
    FMPI_LIB     = -L/usr/local/lib -lmpi
    FMPI_INC     = -I/usr/local/include
    FFLAGS       = -O3  -mcmodel=large
    FLINKFLAGS   = -O3
    RAND         = (none)


 Please send feedbacks and/or the results of this run to:

 NPB Development Team 
 Internet: npb@nas.nasa.gov




 NAS Parallel Benchmarks 3.3 -- SP Benchmark

           1           1          81          81          81
  Problem size too big for compiled array sizes
           3           1          81          81          81
  Problem size too big for compiled array sizes
 No input file inputsp.data. Using compiled defaults
 Size:  162x 162x 162
 Iterations:  400    dt:   0.0006700
 WARNING: compiled for    16 processes 
 Number of active processes:     4

           0           1          81          81          81
  Problem size too big for compiled array sizes
           2           1          81          81          81
  Problem size too big for compiled array sizes


 NAS Parallel Benchmarks 3.3 -- SP Benchmark

           1           1          81          81          81
  Problem size too big for compiled array sizes
           2           1          81          81          81
  Problem size too big for compiled array sizes
           3           1          81          81          81
  Problem size too big for compiled array sizes
 No input file inputsp.data. Using compiled defaults
 Size:  162x 162x 162
 Iterations:  400    dt:   0.0006700
 WARNING: compiled for    25 processes 
 Number of active processes:     4

           0           1          81          81          81
  Problem size too big for compiled array sizes


 NAS Parallel Benchmarks 3.3 -- SP Benchmark

           1           1          81          81          81
  Problem size too big for compiled array sizes
           2           1          81          81          81
  Problem size too big for compiled array sizes
           3           1          81          81          81
  Problem size too big for compiled array sizes
 No input file inputsp.data. Using compiled defaults
 Size:  162x 162x 162
 Iterations:  400    dt:   0.0006700
 WARNING: compiled for    36 processes 
 Number of active processes:     4

           0           1          81          81          81
  Problem size too big for compiled array sizes


 NAS Parallel Benchmarks 3.3 -- SP Benchmark

 No input file inputsp.data. Using compiled defaults
 Size:  162x 162x 162
 Iterations:  400    dt:   0.0006700
 Total number of processes:     8
 Number of active processes:     4

 Time step    1
 Time step   20
 Time step   40
 Time step   60
 Time step   80
 Time step  100
 Time step  120
 Time step  140
 Time step  160
 Time step  180
 Time step  200
 Time step  220
 Time step  240
 Time step  260
 Time step  280
 Time step  300
 Time step  320
 Time step  340
 Time step  360
 Time step  380
 Time step  400
 Verification being performed for class C
 accuracy setting for epsilon =  0.1000000000000E-07
 Comparison of RMS-norms of residual
           1 0.5881691581829E+03 0.5881691581829E+03 0.6726469583912E-13
           2 0.2454417603569E+03 0.2454417603569E+03 0.4608767610227E-13
           3 0.3293829191851E+03 0.3293829191851E+03 0.3537797556502E-13
           4 0.3081924971891E+03 0.3081924971891E+03 0.1392531668724E-12
           5 0.4597223799176E+03 0.4597223799176E+03 0.2720240017817E-13
 Comparison of RMS-norms of solution error
           1 0.2598120500183E+00 0.2598120500183E+00 0.1666539252407E-13
           2 0.2590888922315E-01 0.2590888922315E-01 0.1665834444332E-12
           3 0.5132886416320E-01 0.5132886416320E-01 0.4014995311231E-13
           4 0.4806073419454E-01 0.4806073419454E-01 0.2454419357993E-14
           5 0.5483377491301E+00 0.5483377491301E+00 0.7066225810805E-13
 Verification Successful


 SP Benchmark Completed.
 Class           =                        C
 Size            =            162x 162x 162
 Iterations      =                      400
 Time in seconds =                   261.02
 Total processes =                        8
 Compiled procs  =                        4
 Mop/s total     =                  5555.59
 Mop/s/process   =                   694.45
 Operation type  =           floating point
 Verification    =               SUCCESSFUL
 Version         =                    3.3.1
 Compile date    =              07 Mar 2012

 Compile options:
    MPIF77       = mpif77
    FLINK        = $(MPIF77)
    FMPI_LIB     = -L/usr/local/lib -lmpi
    FMPI_INC     = -I/usr/local/include
    FFLAGS       = -O3  -mcmodel=large
    FLINKFLAGS   = -O3
    RAND         = (none)


 Please send feedbacks and/or the results of this run to:

 NPB Development Team 
 Internet: npb@nas.nasa.gov




 NAS Parallel Benchmarks 3.3 -- SP Benchmark

           1           1          81          81          81
  Problem size too big for compiled array sizes
 No input file inputsp.data. Using compiled defaults
 Size:  162x 162x 162
 Iterations:  400    dt:   0.0006700
 Total number of processes:     8
 WARNING: compiled for    16 processes 
 Number of active processes:     4

           0           1          81          81          81
  Problem size too big for compiled array sizes
           2           1          81          81          81
  Problem size too big for compiled array sizes
           3           1          81          81          81
  Problem size too big for compiled array sizes


 NAS Parallel Benchmarks 3.3 -- SP Benchmark

           1           1          81          81          81
  Problem size too big for compiled array sizes
           2           1          81          81          81
  Problem size too big for compiled array sizes
           3           1          81          81          81
  Problem size too big for compiled array sizes
 No input file inputsp.data. Using compiled defaults
 Size:  162x 162x 162
 Iterations:  400    dt:   0.0006700
 Total number of processes:     8
 WARNING: compiled for    25 processes 
 Number of active processes:     4

           0           1          81          81          81
  Problem size too big for compiled array sizes


 NAS Parallel Benchmarks 3.3 -- SP Benchmark

           1           1          81          81          81
  Problem size too big for compiled array sizes
           2           1          81          81          81
  Problem size too big for compiled array sizes
           3           1          81          81          81
  Problem size too big for compiled array sizes
 No input file inputsp.data. Using compiled defaults
 Size:  162x 162x 162
 Iterations:  400    dt:   0.0006700
 Total number of processes:     8
 WARNING: compiled for    64 processes 
 Number of active processes:     4

           0           1          81          81          81
  Problem size too big for compiled array sizes


 NAS Parallel Benchmarks 3.3 -- SP Benchmark

 No input file inputsp.data. Using compiled defaults
 Size:  162x 162x 162
 Iterations:  400    dt:   0.0006700
 Total number of processes:     8
 WARNING: compiled for    81 processes 
 Number of active processes:     4

           0           1          81          81          81
  Problem size too big for compiled array sizes
           2           1          81          81          81
  Problem size too big for compiled array sizes
           3           1          81          81          81
  Problem size too big for compiled array sizes
           1           1          81          81          81
  Problem size too big for compiled array sizes


 NAS Parallel Benchmarks 3.3 -- SP Benchmark

 No input file inputsp.data. Using compiled defaults
 Size:  162x 162x 162
 Iterations:  400    dt:   0.0006700
 Number of active processes:    16

 Time step    1
 Time step   20
 Time step   40
 Time step   60
 Time step   80
 Time step  100
 Time step  120
 Time step  140
 Time step  160
 Time step  180
 Time step  200
 Time step  220
 Time step  240
 Time step  260
 Time step  280
 Time step  300
 Time step  320
 Time step  340
 Time step  360
 Time step  380
 Time step  400
 Verification being performed for class C
 accuracy setting for epsilon =  0.1000000000000E-07
 Comparison of RMS-norms of residual
           1 0.5881691581829E+03 0.5881691581829E+03 0.7171035102389E-13
           2 0.2454417603569E+03 0.2454417603569E+03 0.4550868519647E-13
           3 0.3293829191851E+03 0.3293829191851E+03 0.3572312654614E-13
           4 0.3081924971891E+03 0.3081924971891E+03 0.1375931953468E-12
           5 0.4597223799176E+03 0.4597223799176E+03 0.3153005475197E-13
 Comparison of RMS-norms of solution error
           1 0.2598120500183E+00 0.2598120500183E+00 0.1410148598190E-13
           2 0.2590888922315E-01 0.2590888922315E-01 0.1716720062406E-12
           3 0.5132886416320E-01 0.5132886416320E-01 0.3649995737482E-13
           4 0.4806073419454E-01 0.4806073419454E-01 0.8662656557621E-14
           5 0.5483377491301E+00 0.5483377491301E+00 0.6985237549363E-13
 Verification Successful


 SP Benchmark Completed.
 Class           =                        C
 Size            =            162x 162x 162
 Iterations      =                      400
 Time in seconds =                    55.01
 Total processes =                       16
 Compiled procs  =                       16
 Mop/s total     =                 26358.87
 Mop/s/process   =                  1647.43
 Operation type  =           floating point
 Verification    =               SUCCESSFUL
 Version         =                    3.3.1
 Compile date    =              07 Mar 2012

 Compile options:
    MPIF77       = mpif77
    FLINK        = $(MPIF77)
    FMPI_LIB     = -L/usr/local/lib -lmpi
    FMPI_INC     = -I/usr/local/include
    FFLAGS       = -O3  -mcmodel=large
    FLINKFLAGS   = -O3
    RAND         = (none)


 Please send feedbacks and/or the results of this run to:

 NPB Development Team 
 Internet: npb@nas.nasa.gov




 NAS Parallel Benchmarks 3.3 -- SP Benchmark

 No input file inputsp.data. Using compiled defaults
 Size:  162x 162x 162
 Iterations:  400    dt:   0.0006700
 WARNING: compiled for    25 processes 
 Number of active processes:    16

           0           1          41          41          41
  Problem size too big for compiled array sizes
           1           1          41          41          41
  Problem size too big for compiled array sizes
          12           1          41          40          41
  Problem size too big for compiled array sizes
           2           1          40          41          41
  Problem size too big for compiled array sizes
           8           1          41          40          41
  Problem size too big for compiled array sizes
          10           1          40          40          41
  Problem size too big for compiled array sizes
          14           1          40          40          41
  Problem size too big for compiled array sizes
          13           1          41          40          41
  Problem size too big for compiled array sizes
           3           1          40          41          41
  Problem size too big for compiled array sizes
           6           1          40          41          41
  Problem size too big for compiled array sizes
           9           1          41          40          41
  Problem size too big for compiled array sizes
          11           1          40          40          41
  Problem size too big for compiled array sizes
          15           1          40          40          41
  Problem size too big for compiled array sizes
           4           1          41          41          41
  Problem size too big for compiled array sizes
           7           1          40          41          41
  Problem size too big for compiled array sizes
           5           1          41          41          41
  Problem size too big for compiled array sizes


 NAS Parallel Benchmarks 3.3 -- SP Benchmark

           1           1          41          41          41
  Problem size too big for compiled array sizes
           2           1          40          41          41
  Problem size too big for compiled array sizes
           3           1          40          41          41
  Problem size too big for compiled array sizes
 No input file inputsp.data. Using compiled defaults
 Size:  162x 162x 162
 Iterations:  400    dt:   0.0006700
 WARNING: compiled for    64 processes 
 Number of active processes:    16

           0           1          41          41          41
  Problem size too big for compiled array sizes
           4           1          41          41          41
  Problem size too big for compiled array sizes
          12           1          41          40          41
  Problem size too big for compiled array sizes
           5           1          41          41          41
  Problem size too big for compiled array sizes
           8           1          41          40          41
  Problem size too big for compiled array sizes
          13           1          41          40          41
  Problem size too big for compiled array sizes
           6           1          40          41          41
  Problem size too big for compiled array sizes
           9           1          41          40          41
  Problem size too big for compiled array sizes
          14           1          40          40          41
  Problem size too big for compiled array sizes
           7           1          40          41          41
  Problem size too big for compiled array sizes
          10           1          40          40          41
  Problem size too big for compiled array sizes
          15           1          40          40          41
  Problem size too big for compiled array sizes
          11           1          40          40          41
  Problem size too big for compiled array sizes


 NAS Parallel Benchmarks 3.3 -- SP Benchmark

 No input file inputsp.data. Using compiled defaults
 Size:  162x 162x 162
 Iterations:  400    dt:   0.0006700
 WARNING: compiled for   121 processes 
 Number of active processes:    16

           0           1          41          41          41
  Problem size too big for compiled array sizes
           1           1          41          41          41
  Problem size too big for compiled array sizes
           2           1          40          41          41
  Problem size too big for compiled array sizes
           3           1          40          41          41
  Problem size too big for compiled array sizes
           4           1          41          41          41
  Problem size too big for compiled array sizes
           5           1          41          41          41
  Problem size too big for compiled array sizes
           6           1          40          41          41
  Problem size too big for compiled array sizes
           7           1          40          41          41
  Problem size too big for compiled array sizes
           8           1          41          40          41
  Problem size too big for compiled array sizes
           9           1          41          40          41
  Problem size too big for compiled array sizes
          10           1          40          40          41
  Problem size too big for compiled array sizes
          11           1          40          40          41
  Problem size too big for compiled array sizes
          12           1          41          40          41
  Problem size too big for compiled array sizes
          13           1          41          40          41
  Problem size too big for compiled array sizes
          14           1          40          40          41
  Problem size too big for compiled array sizes
          15           1          40          40          41
  Problem size too big for compiled array sizes


 NAS Parallel Benchmarks 3.3 -- SP Benchmark

           1           1          41          41          41
  Problem size too big for compiled array sizes
           2           1          40          41          41
  Problem size too big for compiled array sizes
           3           1          40          41          41
  Problem size too big for compiled array sizes
           4           1          41          41          41
  Problem size too big for compiled array sizes
           5           1          41          41          41
  Problem size too big for compiled array sizes
           6           1          40          41          41
  Problem size too big for compiled array sizes
           7           1          40          41          41
  Problem size too big for compiled array sizes
           8           1          41          40          41
  Problem size too big for compiled array sizes
           9           1          41          40          41
  Problem size too big for compiled array sizes
          10           1          40          40          41
  Problem size too big for compiled array sizes
          11           1          40          40          41
  Problem size too big for compiled array sizes
 No input file inputsp.data. Using compiled defaults
 Size:  162x 162x 162
 Iterations:  400    dt:   0.0006700
 WARNING: compiled for   169 processes 
 Number of active processes:    16

           0           1          41          41          41
  Problem size too big for compiled array sizes
          12           1          41          40          41
  Problem size too big for compiled array sizes
          13           1          41          40          41
  Problem size too big for compiled array sizes
          14           1          40          40          41
  Problem size too big for compiled array sizes
          15           1          40          40          41
  Problem size too big for compiled array sizes


 NAS Parallel Benchmarks 3.3 -- SP Benchmark

 No input file inputsp.data. Using compiled defaults
 Size:  162x 162x 162
 Iterations:  400    dt:   0.0006700
 Total number of processes:    32
 Number of active processes:    25

 Time step    1
 Time step   20
 Time step   40
 Time step   60
 Time step   80
 Time step  100
 Time step  120
 Time step  140
 Time step  160
 Time step  180
 Time step  200
 Time step  220
 Time step  240
 Time step  260
 Time step  280
 Time step  300
 Time step  320
 Time step  340
 Time step  360
 Time step  380
 Time step  400
 Verification being performed for class C
 accuracy setting for epsilon =  0.1000000000000E-07
 Comparison of RMS-norms of residual
           1 0.5881691581829E+03 0.5881691581829E+03 0.6881101068599E-13
           2 0.2454417603569E+03 0.2454417603569E+03 0.4643507064576E-13
           3 0.3293829191851E+03 0.3293829191851E+03 0.3416994713109E-13
           4 0.3081924971891E+03 0.3081924971891E+03 0.1370398715049E-12
           5 0.4597223799176E+03 0.4597223799176E+03 0.3622865114638E-13
 Comparison of RMS-norms of solution error
           1 0.2598120500183E+00 0.2598120500183E+00 0.1602441588853E-13
           2 0.2590888922315E-01 0.2590888922315E-01 0.1691277253369E-12
           3 0.5132886416320E-01 0.5132886416320E-01 0.3974439803036E-13
           4 0.4806073419454E-01 0.4806073419454E-01 0.6063859590335E-14
           5 0.5483377491301E+00 0.5483377491301E+00 0.7025731680084E-13
 Verification Successful


 SP Benchmark Completed.
 Class           =                        C
 Size            =            162x 162x 162
 Iterations      =                      400
 Time in seconds =                    34.24
 Total processes =                       32
 Compiled procs  =                       25
 Mop/s total     =                 42353.46
 Mop/s/process   =                  1323.55
 Operation type  =           floating point
 Verification    =               SUCCESSFUL
 Version         =                    3.3.1
 Compile date    =              07 Mar 2012

 Compile options:
    MPIF77       = mpif77
    FLINK        = $(MPIF77)
    FMPI_LIB     = -L/usr/local/lib -lmpi
    FMPI_INC     = -I/usr/local/include
    FFLAGS       = -O3  -mcmodel=large
    FLINKFLAGS   = -O3
    RAND         = (none)


 Please send feedbacks and/or the results of this run to:

 NPB Development Team 
 Internet: npb@nas.nasa.gov




 NAS Parallel Benchmarks 3.3 -- SP Benchmark

           1           1          33          33          33
  Problem size too big for compiled array sizes
 No input file inputsp.data. Using compiled defaults
 Size:  162x 162x 162
 Iterations:  400    dt:   0.0006700
 Total number of processes:    32
 WARNING: compiled for    64 processes 
 Number of active processes:    25

           0           1          33          33          33
  Problem size too big for compiled array sizes
          20           1          33          32          33
  Problem size too big for compiled array sizes
          21           1          33          32          33
  Problem size too big for compiled array sizes
           2           1          32          33          33
  Problem size too big for compiled array sizes
          18           1          32          32          33
  Problem size too big for compiled array sizes
           3           1          32          33          33
  Problem size too big for compiled array sizes
          19           1          32          32          33
  Problem size too big for compiled array sizes
           6           1          33          33          33
  Problem size too big for compiled array sizes
          10           1          33          32          33
  Problem size too big for compiled array sizes
          24           1          32          32          33
  Problem size too big for compiled array sizes
           4           1          32          33          33
  Problem size too big for compiled array sizes
           7           1          32          33          33
  Problem size too big for compiled array sizes
          11           1          33          32          33
  Problem size too big for compiled array sizes
           5           1          33          33          33
  Problem size too big for compiled array sizes
           8           1          32          33          33
  Problem size too big for compiled array sizes
          16           1          33          32          33
  Problem size too big for compiled array sizes
           9           1          32          33          33
  Problem size too big for compiled array sizes
          12           1          32          32          33
  Problem size too big for compiled array sizes
          14           1          32          32          33
  Problem size too big for compiled array sizes
          17           1          32          32          33
  Problem size too big for compiled array sizes
          13           1          32          32          33
  Problem size too big for compiled array sizes
          15           1          33          32          33
  Problem size too big for compiled array sizes
          22           1          32          32          33
  Problem size too big for compiled array sizes
          23           1          32          32          33
  Problem size too big for compiled array sizes


 NAS Parallel Benchmarks 3.3 -- SP Benchmark

           1           1          33          33          33
  Problem size too big for compiled array sizes
           2           1          32          33          33
  Problem size too big for compiled array sizes
           3           1          32          33          33
  Problem size too big for compiled array sizes
 No input file inputsp.data. Using compiled defaults
 Size:  162x 162x 162
 Iterations:  400    dt:   0.0006700
 Total number of processes:    32
 WARNING: compiled for   121 processes 
 Number of active processes:    25

           0           1          33          33          33
  Problem size too big for compiled array sizes
           8           1          32          33          33
  Problem size too big for compiled array sizes
           9           1          32          33          33
  Problem size too big for compiled array sizes
          12           1          32          32          33
  Problem size too big for compiled array sizes
          10           1          33          32          33
  Problem size too big for compiled array sizes
          13           1          32          32          33
  Problem size too big for compiled array sizes
          24           1          32          32          33
  Problem size too big for compiled array sizes
           4           1          32          33          33
  Problem size too big for compiled array sizes
          11           1          33          32          33
  Problem size too big for compiled array sizes
          14           1          32          32          33
  Problem size too big for compiled array sizes
          16           1          33          32          33
  Problem size too big for compiled array sizes
          20           1          33          32          33
  Problem size too big for compiled array sizes
           5           1          33          33          33
  Problem size too big for compiled array sizes
          15           1          33          32          33
  Problem size too big for compiled array sizes
          17           1          32          32          33
  Problem size too big for compiled array sizes
          21           1          33          32          33
  Problem size too big for compiled array sizes
           6           1          33          33          33
  Problem size too big for compiled array sizes
          18           1          32          32          33
  Problem size too big for compiled array sizes
          22           1          32          32          33
  Problem size too big for compiled array sizes
           7           1          32          33          33
  Problem size too big for compiled array sizes
          19           1          32          32          33
  Problem size too big for compiled array sizes
          23           1          32          32          33
  Problem size too big for compiled array sizes


 NAS Parallel Benchmarks 3.3 -- SP Benchmark

           1           1          33          33          33
  Problem size too big for compiled array sizes
           2           1          32          33          33
  Problem size too big for compiled array sizes
           3           1          32          33          33
  Problem size too big for compiled array sizes
           4           1          32          33          33
  Problem size too big for compiled array sizes
           5           1          33          33          33
  Problem size too big for compiled array sizes
           6           1          33          33          33
  Problem size too big for compiled array sizes
           7           1          32          33          33
  Problem size too big for compiled array sizes
 No input file inputsp.data. Using compiled defaults
 Size:  162x 162x 162
 Iterations:  400    dt:   0.0006700
 Total number of processes:    32
 WARNING: compiled for   256 processes 
 Number of active processes:    25

           0           1          33          33          33
  Problem size too big for compiled array sizes
          24           1          32          32          33
  Problem size too big for compiled array sizes
           8           1          32          33          33
  Problem size too big for compiled array sizes
          16           1          33          32          33
  Problem size too big for compiled array sizes
           9           1          32          33          33
  Problem size too big for compiled array sizes
          17           1          32          32          33
  Problem size too big for compiled array sizes
          10           1          33          32          33
  Problem size too big for compiled array sizes
          18           1          32          32          33
  Problem size too big for compiled array sizes
          11           1          33          32          33
  Problem size too big for compiled array sizes
          19           1          32          32          33
  Problem size too big for compiled array sizes
          12           1          32          32          33
  Problem size too big for compiled array sizes
          20           1          33          32          33
  Problem size too big for compiled array sizes
          13           1          32          32          33
  Problem size too big for compiled array sizes
          21           1          33          32          33
  Problem size too big for compiled array sizes
          14           1          32          32          33
  Problem size too big for compiled array sizes
          22           1          32          32          33
  Problem size too big for compiled array sizes
          23           1          32          32          33
  Problem size too big for compiled array sizes
          15           1          33          32          33
  Problem size too big for compiled array sizes


 NAS Parallel Benchmarks 3.3 -- SP Benchmark

           1           1          33          33          33
  Problem size too big for compiled array sizes
           2           1          32          33          33
  Problem size too big for compiled array sizes
           3           1          32          33          33
  Problem size too big for compiled array sizes
           4           1          32          33          33
  Problem size too big for compiled array sizes
           5           1          33          33          33
  Problem size too big for compiled array sizes
           6           1          33          33          33
  Problem size too big for compiled array sizes
           7           1          32          33          33
  Problem size too big for compiled array sizes
           8           1          32          33          33
  Problem size too big for compiled array sizes
           9           1          32          33          33
  Problem size too big for compiled array sizes
          10           1          33          32          33
  Problem size too big for compiled array sizes
          11           1          33          32          33
  Problem size too big for compiled array sizes
 No input file inputsp.data. Using compiled defaults
 Size:  162x 162x 162
 Iterations:  400    dt:   0.0006700
 Total number of processes:    32
 WARNING: compiled for   361 processes 
 Number of active processes:    25

           0           1          33          33          33
  Problem size too big for compiled array sizes
          12           1          32          32          33
  Problem size too big for compiled array sizes
          24           1          32          32          33
  Problem size too big for compiled array sizes
          13           1          32          32          33
  Problem size too big for compiled array sizes
          14           1          32          32          33
  Problem size too big for compiled array sizes
          15           1          33          32          33
  Problem size too big for compiled array sizes
          16           1          33          32          33
  Problem size too big for compiled array sizes
          17           1          32          32          33
  Problem size too big for compiled array sizes
          18           1          32          32          33
  Problem size too big for compiled array sizes
          19           1          32          32          33
  Problem size too big for compiled array sizes
          20           1          33          32          33
  Problem size too big for compiled array sizes
          21           1          33          32          33
  Problem size too big for compiled array sizes
          22           1          32          32          33
  Problem size too big for compiled array sizes
          23           1          32          32          33
  Problem size too big for compiled array sizes
----------------------------------------
Begin Batch Job Epilogue Thu Mar  8 03:57:51 EST 2012
Job ID:           63286.owlsnest1.nfs
Username:         tub51722
Group:            stdcis
Job Name:         sp.bt.lu.C
Session:          20739
Limits:           neednodes=32:ppn=12,nodes=32:ppn=12,walltime=02:00:00
Resources:        cput=01:10:38,mem=3747492kb,vmem=51433572kb,walltime=00:15:04
Queue:            normal
Account:          
End Batch Job Epilogue Thu Mar  8 03:58:11 EST 2012
----------------------------------------
