----------------------------------------
Begin Batch Job Prologue Tue Mar  6 23:58:16 EST 2012
Job ID:           63118.owlsnest1.nfs
Username:         tub51722
Group:            stdcis
Job Name:         sp.bt.lu.C
Resources List:   neednodes=3:ppn=12,nodes=3:ppn=12,walltime=02:00:00
Queue:            normal
Account:          
Nodes:            w057 w058 w059 
End Batch Job Prologue Tue Mar  6 23:58:17 EST 2012
----------------------------------------
----------------------------------------
Begin Batch Job Epilogue Tue Mar  6 23:58:18 EST 2012
Job ID:           63118.owlsnest1.nfs
Username:         tub51722
Group:            stdcis
Job Name:         sp.bt.lu.C
Session:          11962
Limits:           neednodes=3:ppn=12,nodes=3:ppn=12,walltime=02:00:00
Resources:        cput=00:00:00,mem=756kb,vmem=9440kb,walltime=00:00:01
Queue:            normal
Account:          
End Batch Job Epilogue Tue Mar  6 23:58:38 EST 2012
----------------------------------------
