----------------------------------------
Begin Batch Job Prologue Wed Mar  7 12:17:22 EST 2012
Job ID:           63216.owlsnest1.nfs
Username:         tub51722
Group:            stdcis
Job Name:         sp.bt.lu.D
Resources List:   neednodes=3:ppn=12,nodes=3:ppn=12,walltime=02:00:00
Queue:            normal
Account:          
Nodes:            w067 w068 w069 
End Batch Job Prologue Wed Mar  7 12:17:22 EST 2012
----------------------------------------


 NAS Parallel Benchmarks 3.3 -- SP Benchmark

 No input file inputsp.data. Using compiled defaults
 Size:  408x 408x 408
 Iterations:  500    dt:   0.0003000
 Total number of processes:    27
 Number of active processes:     9

----------------------------------------
Begin Batch Job Epilogue Wed Mar  7 14:17:42 EST 2012
Job ID:           63216.owlsnest1.nfs
Username:         tub51722
Group:            stdcis
Job Name:         sp.bt.lu.D
Session:          29913
Limits:           neednodes=3:ppn=12,nodes=3:ppn=12,walltime=02:00:00
Resources:        cput=41:05:25,mem=12208440kb,vmem=125892532kb,walltime=02:00:19
Queue:            normal
Account:          
End Batch Job Epilogue Wed Mar  7 14:18:03 EST 2012
----------------------------------------
