----------------------------------------
Begin Batch Job Prologue Thu Mar  8 04:18:02 EST 2012
Job ID:           63291.owlsnest1.nfs
Username:         tub51722
Group:            stdcis
Job Name:         lu.C
Resources List:   neednodes=32:ppn=12,nodes=32:ppn=12,walltime=02:00:00
Queue:            normal
Account:          
Nodes:            w041 w042 w043 w044 w045 w046 w047 w048 w049 w050 w051 w052 w053 w054 w055 w056 w057 w058 w059 w060 w061 w062 w063 w064 w065 w066 w067 w068 w069 w070 w071 w072 
End Batch Job Prologue Thu Mar  8 04:18:03 EST 2012
----------------------------------------
 Error: number of processes     2 less than compiled     4
 Error: number of processes     2 less than compiled    16
 Error: number of processes     2 less than compiled    16


 NAS Parallel Benchmarks 3.3 -- LU Benchmark

 Size:  162x 162x 162
 Iterations:  250
 Number of processes:     4

 Time step    1
 Time step   20
 Time step   40
 Time step   60
 Time step   80
 Time step  100
 Time step  120
 Time step  140
 Time step  160
 Time step  180
 Time step  200
 Time step  220
 Time step  240
 Time step  250

 Verification being performed for class C
 Accuracy setting for epsilon =  0.1000000000000E-07
 Comparison of RMS-norms of residual
           1   0.1037669803235E+05 0.1037669803235E+05 0.1928251489695E-14
           2   0.8922124588010E+03 0.8922124588010E+03 0.6371063113958E-14
           3   0.2562388145827E+04 0.2562388145827E+04 0.1064820764864E-13
           4   0.2191943438578E+04 0.2191943438578E+04 0.3526872468061E-14
           5   0.1780780572611E+05 0.1780780572611E+05 0.1634329962061E-14
 Comparison of RMS-norms of solution error
           1   0.2159863997169E+03 0.2159863997169E+03 0.5395201217177E-14
           2   0.1557895592399E+02 0.1557895592399E+02 0.1596319796586E-14
           3   0.5413188630772E+02 0.5413188630772E+02 0.3937842097655E-15
           4   0.4822626431540E+02 0.4822626431540E+02 0.6335414544627E-14
           5   0.4559029100432E+03 0.4559029100433E+03 0.3241762352955E-14
 Comparison of surface integral
               0.6664045535722E+02 0.6664045535722E+02 0.6397399885262E-15
 Verification Successful


 LU Benchmark Completed.
 Class           =                        C
 Size            =            162x 162x 162
 Iterations      =                      250
 Time in seconds =                   205.87
 Total processes =                        4
 Compiled procs  =                        4
 Mop/s total     =                  9904.17
 Mop/s/process   =                  2476.04
 Operation type  =           floating point
 Verification    =               SUCCESSFUL
 Version         =                    3.3.1
 Compile date    =              07 Mar 2012

 Compile options:
    MPIF77       = mpif77
    FLINK        = $(MPIF77)
    FMPI_LIB     = -L/usr/local/lib -lmpi
    FMPI_INC     = -I/usr/local/include
    FFLAGS       = -O3  -mcmodel=large
    FLINKFLAGS   = -O3
    RAND         = (none)


 Please send feedbacks and/or the results of this run to:

 NPB Development Team 
 Internet: npb@nas.nasa.gov




 NAS Parallel Benchmarks 3.3 -- LU Benchmark

 Size:  162x 162x 162
 Iterations:  250
 Number of processes:     4

 Time step    1
 Time step   20
 Time step   40
 Time step   60
 Time step   80
 Time step  100
 Time step  120
 Time step  140
 Time step  160
 Time step  180
 Time step  200
 Time step  220
 Time step  240
 Time step  250

 Verification being performed for class C
 Accuracy setting for epsilon =  0.1000000000000E-07
 Comparison of RMS-norms of residual
           1   0.1037669803235E+05 0.1037669803235E+05 0.1928251489695E-14
           2   0.8922124588010E+03 0.8922124588010E+03 0.6371063113958E-14
           3   0.2562388145827E+04 0.2562388145827E+04 0.1064820764864E-13
           4   0.2191943438578E+04 0.2191943438578E+04 0.3526872468061E-14
           5   0.1780780572611E+05 0.1780780572611E+05 0.1634329962061E-14
 Comparison of RMS-norms of solution error
           1   0.2159863997169E+03 0.2159863997169E+03 0.5395201217177E-14
           2   0.1557895592399E+02 0.1557895592399E+02 0.1596319796586E-14
           3   0.5413188630772E+02 0.5413188630772E+02 0.3937842097655E-15
           4   0.4822626431540E+02 0.4822626431540E+02 0.6335414544627E-14
           5   0.4559029100432E+03 0.4559029100433E+03 0.3241762352955E-14
 Comparison of surface integral
               0.6664045535722E+02 0.6664045535722E+02 0.6397399885262E-15
 Verification Successful


 LU Benchmark Completed.
 Class           =                        C
 Size            =            162x 162x 162
 Iterations      =                      250
 Time in seconds =                   209.95
 Total processes =                        4
 Compiled procs  =                        4
 Mop/s total     =                  9711.64
 Mop/s/process   =                  2427.91
 Operation type  =           floating point
 Verification    =               SUCCESSFUL
 Version         =                    3.3.1
 Compile date    =              07 Mar 2012

 Compile options:
    MPIF77       = mpif77
    FLINK        = $(MPIF77)
    FMPI_LIB     = -L/usr/local/lib -lmpi
    FMPI_INC     = -I/usr/local/include
    FFLAGS       = -O3  -mcmodel=large
    FLINKFLAGS   = -O3
    RAND         = (none)


 Please send feedbacks and/or the results of this run to:

 NPB Development Team 
 Internet: npb@nas.nasa.gov


 Error: number of processes     4 less than compiled    16
 Error: number of processes     4 less than compiled    25
 Error: number of processes     4 less than compiled    36


 NAS Parallel Benchmarks 3.3 -- LU Benchmark

     Warning: program is running on    8 processors
     but was compiled for     4
 Size:  162x 162x 162
 Iterations:  250
 Number of processes:     8

 Time step    1
 Time step   20
 Time step   40
 Time step   60
 Time step   80
 Time step  100
 Time step  120
 Time step  140
 Time step  160
 Time step  180
 Time step  200
 Time step  220
 Time step  240
 Time step  250

 Verification being performed for class C
 Accuracy setting for epsilon =  0.1000000000000E-07
 Comparison of RMS-norms of residual
           1   0.1037669803235E+05 0.1037669803235E+05 0.2804729439557E-14
           2   0.8922124588010E+03 0.8922124588010E+03 0.6371063113958E-14
           3   0.2562388145827E+04 0.2562388145827E+04 0.5856514206755E-14
           4   0.2191943438578E+04 0.2191943438578E+04 0.2074630863566E-14
           5   0.1780780572611E+05 0.1780780572611E+05 0.7967358565047E-14
 Comparison of RMS-norms of solution error
           1   0.2159863997170E+03 0.2159863997169E+03 0.6711103953074E-14
           2   0.1557895592399E+02 0.1557895592399E+02 0.4332868019305E-14
           3   0.5413188630772E+02 0.5413188630772E+02 0.5250456130207E-14
           4   0.4822626431540E+02 0.4822626431540E+02 0.2062693107553E-14
           5   0.4559029100433E+03 0.4559029100433E+03 0.1246831674214E-14
 Comparison of surface integral
               0.6664045535722E+02 0.6664045535722E+02 0.2132466628421E-15
 Verification Successful


 LU Benchmark Completed.
 Class           =                        C
 Size            =            162x 162x 162
 Iterations      =                      250
 Time in seconds =                   114.94
 Total processes =                        8
 Compiled procs  =                        4
 Mop/s total     =                 17740.10
 Mop/s/process   =                  2217.51
 Operation type  =           floating point
 Verification    =               SUCCESSFUL
 Version         =                    3.3.1
 Compile date    =              07 Mar 2012

 Compile options:
    MPIF77       = mpif77
    FLINK        = $(MPIF77)
    FMPI_LIB     = -L/usr/local/lib -lmpi
    FMPI_INC     = -I/usr/local/include
    FFLAGS       = -O3  -mcmodel=large
    FLINKFLAGS   = -O3
    RAND         = (none)


 Please send feedbacks and/or the results of this run to:

 NPB Development Team 
 Internet: npb@nas.nasa.gov


 Error: number of processes     8 less than compiled    16
 Error: number of processes     8 less than compiled    25
 Error: number of processes     8 less than compiled    64
 Error: number of processes     8 less than compiled    81


 NAS Parallel Benchmarks 3.3 -- LU Benchmark

 Size:  162x 162x 162
 Iterations:  250
 Number of processes:    16

 Time step    1
 Time step   20
 Time step   40
 Time step   60
 Time step   80
 Time step  100
 Time step  120
 Time step  140
 Time step  160
 Time step  180
 Time step  200
 Time step  220
 Time step  240
 Time step  250

 Verification being performed for class C
 Accuracy setting for epsilon =  0.1000000000000E-07
 Comparison of RMS-norms of residual
           1   0.1037669803235E+05 0.1037669803235E+05 0.7011823598892E-15
           2   0.8922124588010E+03 0.8922124588010E+03 0.8919488359541E-15
           3   0.2562388145827E+04 0.2562388145827E+04 0.1952171402252E-14
           4   0.2191943438578E+04 0.2191943438578E+04 0.1037315431783E-14
           5   0.1780780572611E+05 0.1780780572611E+05 0.1634329962061E-14
 Comparison of RMS-norms of solution error
           1   0.2159863997169E+03 0.2159863997169E+03 0.1973854103845E-14
           2   0.1557895592399E+02 0.1557895592399E+02 0.4332868019305E-14
           3   0.5413188630772E+02 0.5413188630772E+02 0.1181352629297E-14
           4   0.4822626431540E+02 0.4822626431540E+02 0.3388710105266E-14
           5   0.4559029100433E+03 0.4559029100433E+03 0.4114544524905E-14
 Comparison of surface integral
               0.6664045535722E+02 0.6664045535722E+02 0.1279479977052E-14
 Verification Successful


 LU Benchmark Completed.
 Class           =                        C
 Size            =            162x 162x 162
 Iterations      =                      250
 Time in seconds =                    55.23
 Total processes =                       16
 Compiled procs  =                       16
 Mop/s total     =                 36916.30
 Mop/s/process   =                  2307.27
 Operation type  =           floating point
 Verification    =               SUCCESSFUL
 Version         =                    3.3.1
 Compile date    =              07 Mar 2012

 Compile options:
    MPIF77       = mpif77
    FLINK        = $(MPIF77)
    FMPI_LIB     = -L/usr/local/lib -lmpi
    FMPI_INC     = -I/usr/local/include
    FFLAGS       = -O3  -mcmodel=large
    FLINKFLAGS   = -O3
    RAND         = (none)


 Please send feedbacks and/or the results of this run to:

 NPB Development Team 
 Internet: npb@nas.nasa.gov


 Error: number of processes    16 less than compiled    25
 Error: number of processes    16 less than compiled    64
 Error: number of processes    16 less than compiled   121
 Error: number of processes    16 less than compiled   169


 NAS Parallel Benchmarks 3.3 -- LU Benchmark

     Warning: program is running on   32 processors
     but was compiled for    25
 Size:  162x 162x 162
 Iterations:  250
 Number of processes:    32

 Error: couldn't determine proper proc_grid for nprocs=    32
 Error: number of processes    32 less than compiled    64
 Error: number of processes    32 less than compiled   121
 Error: number of processes    32 less than compiled   256
 Error: number of processes    32 less than compiled   361
----------------------------------------
Begin Batch Job Epilogue Thu Mar  8 04:28:19 EST 2012
Job ID:           63291.owlsnest1.nfs
Username:         tub51722
Group:            stdcis
Job Name:         lu.C
Session:          22311
Limits:           neednodes=32:ppn=12,nodes=32:ppn=12,walltime=02:00:00
Resources:        cput=00:42:32,mem=2261832kb,vmem=26669048kb,walltime=00:10:17
Queue:            normal
Account:          
End Batch Job Epilogue Thu Mar  8 04:28:39 EST 2012
----------------------------------------
